{"meta": {"format": 3, "version": "7.10.7", "timestamp": "2025-10-27T17:54:15.627484", "branch_coverage": false, "show_contexts": false}, "files": {"tools\\__init__.py": {"executed_lines": [1, 2, 5, 6, 7], "summary": {"covered_lines": 5, "num_statements": 6, "percent_covered": 83.33333333333333, "percent_covered_display": "83", "missing_lines": 1, "excluded_lines": 0}, "missing_lines": [8], "excluded_lines": [], "functions": {"": {"executed_lines": [1, 2, 5, 6, 7], "summary": {"covered_lines": 5, "num_statements": 6, "percent_covered": 83.33333333333333, "percent_covered_display": "83", "missing_lines": 1, "excluded_lines": 0}, "missing_lines": [8], "excluded_lines": []}}, "classes": {"": {"executed_lines": [1, 2, 5, 6, 7], "summary": {"covered_lines": 5, "num_statements": 6, "percent_covered": 83.33333333333333, "percent_covered_display": "83", "missing_lines": 1, "excluded_lines": 0}, "missing_lines": [8], "excluded_lines": []}}}, "tools\\accuracy\\__init__.py": {"executed_lines": [], "summary": {"covered_lines": 0, "num_statements": 0, "percent_covered": 100.0, "percent_covered_display": "100", "missing_lines": 0, "excluded_lines": 0}, "missing_lines": [], "excluded_lines": [], "functions": {"": {"executed_lines": [], "summary": {"covered_lines": 0, "num_statements": 0, "percent_covered": 100.0, "percent_covered_display": "100", "missing_lines": 0, "excluded_lines": 0}, "missing_lines": [], "excluded_lines": []}}, "classes": {"": {"executed_lines": [], "summary": {"covered_lines": 0, "num_statements": 0, "percent_covered": 100.0, "percent_covered_display": "100", "missing_lines": 0, "excluded_lines": 0}, "missing_lines": [], "excluded_lines": []}}}, "tools\\accuracy\\compare_shadow_dryrun.py": {"executed_lines": [], "summary": {"covered_lines": 0, "num_statements": 249, "percent_covered": 0.0, "percent_covered_display": "0", "missing_lines": 249, "excluded_lines": 0}, "missing_lines": [10, 11, 12, 13, 14, 15, 16, 17, 19, 20, 23, 26, 32, 33, 34, 35, 37, 39, 40, 41, 43, 44, 45, 46, 49, 50, 51, 52, 53, 54, 55, 56, 57, 58, 59, 60, 62, 63, 64, 66, 67, 70, 80, 81, 83, 84, 86, 87, 88, 89, 90, 92, 93, 94, 95, 97, 100, 102, 103, 105, 106, 107, 110, 111, 113, 114, 115, 116, 117, 118, 120, 121, 123, 126, 128, 129, 131, 132, 133, 135, 136, 138, 139, 141, 142, 143, 145, 148, 159, 160, 161, 162, 163, 165, 167, 168, 169, 170, 171, 174, 175, 176, 178, 179, 180, 181, 183, 184, 185, 186, 188, 190, 191, 192, 193, 195, 196, 198, 199, 202, 203, 204, 205, 206, 207, 208, 209, 211, 219, 220, 228, 229, 230, 231, 233, 235, 238, 247, 262, 263, 264, 265, 266, 267, 269, 270, 271, 272, 273, 274, 275, 276, 278, 279, 280, 281, 282, 283, 285, 287, 288, 290, 294, 296, 313, 314, 315, 318, 336, 378, 379, 381, 382, 383, 386, 387, 390, 395, 400, 405, 409, 413, 417, 423, 429, 435, 441, 447, 449, 451, 452, 454, 455, 456, 459, 462, 463, 464, 465, 466, 468, 469, 470, 471, 472, 474, 475, 476, 477, 479, 480, 481, 482, 483, 484, 487, 488, 490, 491, 493, 494, 497, 499, 500, 503, 506, 507, 508, 511, 512, 519, 520, 521, 522, 523, 526, 527, 529, 533, 540, 541, 542, 545, 546, 547, 548, 550, 553, 554], "excluded_lines": [], "functions": {"parse_iter_files": {"executed_lines": [], "summary": {"covered_lines": 0, "num_statements": 29, "percent_covered": 0.0, "percent_covered_display": "0", "missing_lines": 29, "excluded_lines": 0}, "missing_lines": [32, 33, 34, 35, 37, 39, 40, 41, 43, 44, 45, 46, 49, 50, 51, 52, 53, 54, 55, 56, 57, 58, 59, 60, 62, 63, 64, 66, 67], "excluded_lines": []}, "extract_kpi_by_symbol": {"executed_lines": [], "summary": {"covered_lines": 0, "num_statements": 14, "percent_covered": 0.0, "percent_covered_display": "0", "missing_lines": 14, "excluded_lines": 0}, "missing_lines": [80, 81, 83, 84, 86, 87, 88, 89, 90, 92, 93, 94, 95, 97], "excluded_lines": []}, "compute_mape": {"executed_lines": [], "summary": {"covered_lines": 0, "num_statements": 16, "percent_covered": 0.0, "percent_covered_display": "0", "missing_lines": 16, "excluded_lines": 0}, "missing_lines": [102, 103, 105, 106, 107, 110, 111, 113, 114, 115, 116, 117, 118, 120, 121, 123], "excluded_lines": []}, "compute_median_delta": {"executed_lines": [], "summary": {"covered_lines": 0, "num_statements": 13, "percent_covered": 0.0, "percent_covered_display": "0", "missing_lines": 13, "excluded_lines": 0}, "missing_lines": [128, 129, 131, 132, 133, 135, 136, 138, 139, 141, 142, 143, 145], "excluded_lines": []}, "compare_kpis": {"executed_lines": [], "summary": {"covered_lines": 0, "num_statements": 48, "percent_covered": 0.0, "percent_covered_display": "0", "missing_lines": 48, "excluded_lines": 0}, "missing_lines": [159, 160, 161, 162, 163, 165, 167, 168, 169, 170, 171, 174, 175, 176, 178, 179, 180, 181, 183, 184, 185, 186, 188, 190, 191, 192, 193, 195, 196, 198, 199, 202, 203, 204, 205, 206, 207, 208, 209, 211, 219, 220, 228, 229, 230, 231, 233, 235], "excluded_lines": []}, "generate_markdown_report": {"executed_lines": [], "summary": {"covered_lines": 0, "num_statements": 30, "percent_covered": 0.0, "percent_covered_display": "0", "missing_lines": 30, "excluded_lines": 0}, "missing_lines": [247, 262, 263, 264, 265, 266, 267, 269, 270, 271, 272, 273, 274, 275, 276, 278, 279, 280, 281, 282, 283, 285, 287, 288, 290, 294, 296, 313, 314, 315], "excluded_lines": []}, "generate_json_summary": {"executed_lines": [], "summary": {"covered_lines": 0, "num_statements": 6, "percent_covered": 0.0, "percent_covered_display": "0", "missing_lines": 6, "excluded_lines": 0}, "missing_lines": [336, 378, 379, 381, 382, 383], "excluded_lines": []}, "main": {"executed_lines": [], "summary": {"covered_lines": 0, "num_statements": 72, "percent_covered": 0.0, "percent_covered_display": "0", "missing_lines": 72, "excluded_lines": 0}, "missing_lines": [387, 390, 395, 400, 405, 409, 413, 417, 423, 429, 435, 441, 447, 449, 451, 452, 454, 455, 456, 459, 462, 463, 464, 465, 466, 468, 469, 470, 471, 472, 474, 475, 476, 477, 479, 480, 481, 482, 483, 484, 487, 488, 490, 491, 493, 494, 497, 499, 500, 503, 506, 507, 508, 511, 512, 519, 520, 521, 522, 523, 526, 527, 529, 533, 540, 541, 542, 545, 546, 547, 548, 550], "excluded_lines": []}, "": {"executed_lines": [], "summary": {"covered_lines": 0, "num_statements": 21, "percent_covered": 0.0, "percent_covered_display": "0", "missing_lines": 21, "excluded_lines": 0}, "missing_lines": [10, 11, 12, 13, 14, 15, 16, 17, 19, 20, 23, 26, 70, 100, 126, 148, 238, 318, 386, 553, 554], "excluded_lines": []}}, "classes": {"": {"executed_lines": [], "summary": {"covered_lines": 0, "num_statements": 249, "percent_covered": 0.0, "percent_covered_display": "0", "missing_lines": 249, "excluded_lines": 0}, "missing_lines": [10, 11, 12, 13, 14, 15, 16, 17, 19, 20, 23, 26, 32, 33, 34, 35, 37, 39, 40, 41, 43, 44, 45, 46, 49, 50, 51, 52, 53, 54, 55, 56, 57, 58, 59, 60, 62, 63, 64, 66, 67, 70, 80, 81, 83, 84, 86, 87, 88, 89, 90, 92, 93, 94, 95, 97, 100, 102, 103, 105, 106, 107, 110, 111, 113, 114, 115, 116, 117, 118, 120, 121, 123, 126, 128, 129, 131, 132, 133, 135, 136, 138, 139, 141, 142, 143, 145, 148, 159, 160, 161, 162, 163, 165, 167, 168, 169, 170, 171, 174, 175, 176, 178, 179, 180, 181, 183, 184, 185, 186, 188, 190, 191, 192, 193, 195, 196, 198, 199, 202, 203, 204, 205, 206, 207, 208, 209, 211, 219, 220, 228, 229, 230, 231, 233, 235, 238, 247, 262, 263, 264, 265, 266, 267, 269, 270, 271, 272, 273, 274, 275, 276, 278, 279, 280, 281, 282, 283, 285, 287, 288, 290, 294, 296, 313, 314, 315, 318, 336, 378, 379, 381, 382, 383, 386, 387, 390, 395, 400, 405, 409, 413, 417, 423, 429, 435, 441, 447, 449, 451, 452, 454, 455, 456, 459, 462, 463, 464, 465, 466, 468, 469, 470, 471, 472, 474, 475, 476, 477, 479, 480, 481, 482, 483, 484, 487, 488, 490, 491, 493, 494, 497, 499, 500, 503, 506, 507, 508, 511, 512, 519, 520, 521, 522, 523, 526, 527, 529, 533, 540, 541, 542, 545, 546, 547, 548, 550, 553, 554], "excluded_lines": []}}}, "tools\\accuracy\\sanity_check.py": {"executed_lines": [], "summary": {"covered_lines": 0, "num_statements": 203, "percent_covered": 0.0, "percent_covered_display": "0", "missing_lines": 203, "excluded_lines": 0}, "missing_lines": [10, 11, 12, 13, 14, 15, 16, 17, 18, 20, 21, 24, 26, 27, 31, 34, 47, 59, 60, 63, 64, 66, 67, 68, 70, 71, 72, 74, 77, 89, 90, 91, 93, 94, 97, 98, 99, 100, 107, 108, 109, 110, 116, 117, 119, 130, 133, 135, 136, 137, 138, 139, 140, 141, 143, 144, 145, 146, 147, 150, 152, 159, 162, 174, 175, 176, 178, 179, 182, 183, 184, 185, 193, 194, 195, 196, 203, 204, 206, 217, 220, 222, 223, 224, 225, 226, 227, 228, 231, 233, 240, 243, 255, 256, 257, 260, 263, 264, 267, 268, 269, 270, 271, 272, 278, 285, 286, 287, 288, 289, 290, 296, 302, 303, 305, 316, 319, 320, 322, 323, 324, 325, 326, 329, 331, 332, 333, 334, 335, 336, 337, 338, 339, 341, 343, 344, 345, 346, 347, 348, 351, 353, 360, 363, 364, 367, 368, 369, 370, 371, 372, 373, 374, 375, 376, 378, 380, 381, 383, 384, 385, 386, 387, 388, 389, 390, 391, 393, 396, 397, 398, 400, 407, 408, 409, 411, 418, 419, 420, 422, 429, 430, 431, 434, 452, 454, 478, 479, 480, 483, 489, 490, 491, 493, 494, 495, 496, 498, 499, 500, 502, 505, 506], "excluded_lines": [], "functions": {"create_mock_iter_file": {"executed_lines": [], "summary": {"covered_lines": 0, "num_statements": 3, "percent_covered": 0.0, "percent_covered_display": "0", "missing_lines": 3, "excluded_lines": 0}, "missing_lines": [26, 27, 31], "excluded_lines": []}, "run_comparison": {"executed_lines": [], "summary": {"covered_lines": 0, "num_statements": 12, "percent_covered": 0.0, "percent_covered_display": "0", "missing_lines": 12, "excluded_lines": 0}, "missing_lines": [47, 59, 60, 63, 64, 66, 67, 68, 70, 71, 72, 74], "excluded_lines": []}, "scenario_empty_nonoverlap": {"executed_lines": [], "summary": {"covered_lines": 0, "num_statements": 33, "percent_covered": 0.0, "percent_covered_display": "0", "missing_lines": 33, "excluded_lines": 0}, "missing_lines": [89, 90, 91, 93, 94, 97, 98, 99, 100, 107, 108, 109, 110, 116, 117, 119, 130, 133, 135, 136, 137, 138, 139, 140, 141, 143, 144, 145, 146, 147, 150, 152, 159], "excluded_lines": []}, "scenario_maxage_filter": {"executed_lines": [], "summary": {"covered_lines": 0, "num_statements": 28, "percent_covered": 0.0, "percent_covered_display": "0", "missing_lines": 28, "excluded_lines": 0}, "missing_lines": [174, 175, 176, 178, 179, 182, 183, 184, 185, 193, 194, 195, 196, 203, 204, 206, 217, 220, 222, 223, 224, 225, 226, 227, 228, 231, 233, 240], "excluded_lines": []}, "scenario_formatting_table": {"executed_lines": [], "summary": {"covered_lines": 0, "num_statements": 51, "percent_covered": 0.0, "percent_covered_display": "0", "missing_lines": 51, "excluded_lines": 0}, "missing_lines": [255, 256, 257, 260, 263, 264, 267, 268, 269, 270, 271, 272, 278, 285, 286, 287, 288, 289, 290, 296, 302, 303, 305, 316, 319, 320, 322, 323, 324, 325, 326, 329, 331, 332, 333, 334, 335, 336, 337, 338, 339, 341, 343, 344, 345, 346, 347, 348, 351, 353, 360], "excluded_lines": []}, "main": {"executed_lines": [], "summary": {"covered_lines": 0, "num_statements": 57, "percent_covered": 0.0, "percent_covered_display": "0", "missing_lines": 57, "excluded_lines": 0}, "missing_lines": [364, 367, 368, 369, 370, 371, 372, 373, 374, 375, 376, 378, 380, 381, 383, 384, 385, 386, 387, 388, 389, 390, 391, 393, 396, 397, 398, 400, 407, 408, 409, 411, 418, 419, 420, 422, 429, 430, 431, 434, 452, 454, 478, 479, 480, 483, 489, 490, 491, 493, 494, 495, 496, 498, 499, 500, 502], "excluded_lines": []}, "": {"executed_lines": [], "summary": {"covered_lines": 0, "num_statements": 19, "percent_covered": 0.0, "percent_covered_display": "0", "missing_lines": 19, "excluded_lines": 0}, "missing_lines": [10, 11, 12, 13, 14, 15, 16, 17, 18, 20, 21, 24, 34, 77, 162, 243, 363, 505, 506], "excluded_lines": []}}, "classes": {"": {"executed_lines": [], "summary": {"covered_lines": 0, "num_statements": 203, "percent_covered": 0.0, "percent_covered_display": "0", "missing_lines": 203, "excluded_lines": 0}, "missing_lines": [10, 11, 12, 13, 14, 15, 16, 17, 18, 20, 21, 24, 26, 27, 31, 34, 47, 59, 60, 63, 64, 66, 67, 68, 70, 71, 72, 74, 77, 89, 90, 91, 93, 94, 97, 98, 99, 100, 107, 108, 109, 110, 116, 117, 119, 130, 133, 135, 136, 137, 138, 139, 140, 141, 143, 144, 145, 146, 147, 150, 152, 159, 162, 174, 175, 176, 178, 179, 182, 183, 184, 185, 193, 194, 195, 196, 203, 204, 206, 217, 220, 222, 223, 224, 225, 226, 227, 228, 231, 233, 240, 243, 255, 256, 257, 260, 263, 264, 267, 268, 269, 270, 271, 272, 278, 285, 286, 287, 288, 289, 290, 296, 302, 303, 305, 316, 319, 320, 322, 323, 324, 325, 326, 329, 331, 332, 333, 334, 335, 336, 337, 338, 339, 341, 343, 344, 345, 346, 347, 348, 351, 353, 360, 363, 364, 367, 368, 369, 370, 371, 372, 373, 374, 375, 376, 378, 380, 381, 383, 384, 385, 386, 387, 388, 389, 390, 391, 393, 396, 397, 398, 400, 407, 408, 409, 411, 418, 419, 420, 422, 429, 430, 431, 434, 452, 454, 478, 479, 480, 483, 489, 490, 491, 493, 494, 495, 496, 498, 499, 500, 502, 505, 506], "excluded_lines": []}}}, "tools\\audit\\__init__.py": {"executed_lines": [], "summary": {"covered_lines": 0, "num_statements": 1, "percent_covered": 0.0, "percent_covered_display": "0", "missing_lines": 1, "excluded_lines": 0}, "missing_lines": [3], "excluded_lines": [], "functions": {"": {"executed_lines": [], "summary": {"covered_lines": 0, "num_statements": 1, "percent_covered": 0.0, "percent_covered_display": "0", "missing_lines": 1, "excluded_lines": 0}, "missing_lines": [3], "excluded_lines": []}}, "classes": {"": {"executed_lines": [], "summary": {"covered_lines": 0, "num_statements": 1, "percent_covered": 0.0, "percent_covered_display": "0", "missing_lines": 1, "excluded_lines": 0}, "missing_lines": [3], "excluded_lines": []}}}, "tools\\audit\\dump.py": {"executed_lines": [], "summary": {"covered_lines": 0, "num_statements": 34, "percent_covered": 0.0, "percent_covered_display": "0", "missing_lines": 34, "excluded_lines": 0}, "missing_lines": [10, 11, 12, 13, 14, 15, 18, 28, 30, 31, 33, 34, 35, 36, 37, 43, 44, 46, 49, 56, 57, 63, 70, 72, 75, 78, 86, 89, 90, 92, 93, 95, 98, 99], "excluded_lines": [], "functions": {"collect_artifacts": {"executed_lines": [], "summary": {"covered_lines": 0, "num_statements": 11, "percent_covered": 0.0, "percent_covered_display": "0", "missing_lines": 11, "excluded_lines": 0}, "missing_lines": [28, 30, 31, 33, 34, 35, 36, 37, 43, 44, 46], "excluded_lines": []}, "main": {"executed_lines": [], "summary": {"covered_lines": 0, "num_statements": 13, "percent_covered": 0.0, "percent_covered_display": "0", "missing_lines": 13, "excluded_lines": 0}, "missing_lines": [56, 57, 63, 70, 72, 75, 78, 86, 89, 90, 92, 93, 95], "excluded_lines": []}, "": {"executed_lines": [], "summary": {"covered_lines": 0, "num_statements": 10, "percent_covered": 0.0, "percent_covered_display": "0", "missing_lines": 10, "excluded_lines": 0}, "missing_lines": [10, 11, 12, 13, 14, 15, 18, 49, 98, 99], "excluded_lines": []}}, "classes": {"": {"executed_lines": [], "summary": {"covered_lines": 0, "num_statements": 34, "percent_covered": 0.0, "percent_covered_display": "0", "missing_lines": 34, "excluded_lines": 0}, "missing_lines": [10, 11, 12, 13, 14, 15, 18, 28, 30, 31, 33, 34, 35, 36, 37, 43, 44, 46, 49, 56, 57, 63, 70, 72, 75, 78, 86, 89, 90, 92, 93, 95, 98, 99], "excluded_lines": []}}}, "tools\\audit\\dump_day.py": {"executed_lines": [], "summary": {"covered_lines": 0, "num_statements": 46, "percent_covered": 0.0, "percent_covered_display": "0", "missing_lines": 46, "excluded_lines": 0}, "missing_lines": [1, 2, 3, 6, 7, 8, 9, 10, 11, 12, 13, 14, 15, 16, 18, 21, 22, 23, 24, 25, 26, 28, 29, 30, 31, 32, 33, 34, 35, 36, 37, 39, 40, 41, 42, 43, 45, 46, 47, 48, 49, 50, 51, 52, 55, 56], "excluded_lines": [], "functions": {"_write_atomic": {"executed_lines": [], "summary": {"covered_lines": 0, "num_statements": 11, "percent_covered": 0.0, "percent_covered_display": "0", "missing_lines": 11, "excluded_lines": 0}, "missing_lines": [7, 8, 9, 10, 11, 12, 13, 14, 15, 16, 18], "excluded_lines": []}, "main": {"executed_lines": [], "summary": {"covered_lines": 0, "num_statements": 28, "percent_covered": 0.0, "percent_covered_display": "0", "missing_lines": 28, "excluded_lines": 0}, "missing_lines": [22, 23, 24, 25, 26, 28, 29, 30, 31, 32, 33, 34, 35, 36, 37, 39, 40, 41, 42, 43, 45, 46, 47, 48, 49, 50, 51, 52], "excluded_lines": []}, "": {"executed_lines": [], "summary": {"covered_lines": 0, "num_statements": 7, "percent_covered": 0.0, "percent_covered_display": "0", "missing_lines": 7, "excluded_lines": 0}, "missing_lines": [1, 2, 3, 6, 21, 55, 56], "excluded_lines": []}}, "classes": {"": {"executed_lines": [], "summary": {"covered_lines": 0, "num_statements": 46, "percent_covered": 0.0, "percent_covered_display": "0", "missing_lines": 46, "excluded_lines": 0}, "missing_lines": [1, 2, 3, 6, 7, 8, 9, 10, 11, 12, 13, 14, 15, 16, 18, 21, 22, 23, 24, 25, 26, 28, 29, 30, 31, 32, 33, 34, 35, 36, 37, 39, 40, 41, 42, 43, 45, 46, 47, 48, 49, 50, 51, 52, 55, 56], "excluded_lines": []}}}, "tools\\audit\\extended_audits.py": {"executed_lines": [], "summary": {"covered_lines": 0, "num_statements": 341, "percent_covered": 0.0, "percent_covered_display": "0", "missing_lines": 341, "excluded_lines": 0}, "missing_lines": [9, 10, 11, 12, 13, 14, 17, 20, 21, 22, 23, 24, 26, 27, 28, 30, 31, 39, 41, 43, 44, 45, 47, 55, 58, 59, 60, 61, 62, 63, 64, 67, 68, 69, 70, 72, 73, 77, 78, 81, 82, 85, 86, 87, 88, 92, 93, 94, 96, 97, 105, 106, 108, 110, 111, 112, 114, 125, 126, 127, 128, 131, 132, 134, 135, 136, 137, 138, 139, 140, 141, 142, 143, 146, 149, 150, 151, 152, 154, 155, 156, 157, 158, 160, 161, 169, 170, 172, 174, 175, 176, 178, 186, 187, 188, 189, 190, 191, 194, 195, 196, 197, 200, 201, 202, 203, 204, 206, 207, 210, 211, 214, 215, 217, 218, 219, 221, 222, 230, 231, 233, 235, 236, 237, 239, 246, 247, 248, 250, 251, 254, 255, 258, 259, 260, 261, 262, 264, 265, 267, 268, 270, 271, 273, 274, 276, 278, 279, 280, 282, 290, 291, 292, 293, 298, 299, 300, 301, 303, 304, 307, 308, 310, 311, 313, 314, 322, 323, 325, 327, 328, 329, 331, 339, 340, 341, 342, 344, 353, 354, 360, 361, 362, 363, 365, 366, 367, 369, 370, 374, 375, 378, 379, 380, 381, 383, 384, 385, 387, 388, 390, 391, 393, 395, 396, 397, 399, 407, 408, 409, 410, 411, 414, 415, 416, 417, 418, 421, 422, 423, 425, 426, 434, 435, 437, 439, 440, 441, 443, 452, 453, 456, 457, 458, 459, 460, 461, 462, 463, 464, 465, 466, 469, 470, 471, 472, 473, 474, 476, 477, 478, 479, 481, 482, 484, 486, 487, 488, 491, 492, 493, 494, 501, 510, 512, 514, 516, 518, 519, 520, 523, 524, 525, 526, 527, 528, 529, 530, 531, 532, 533, 534, 537, 538, 539, 540, 541, 542, 543, 544, 545, 546, 547, 548, 551, 552, 553, 554, 555, 556, 557, 558, 559, 560, 561, 564, 565, 566, 567, 568, 569, 570, 571, 572, 573, 575, 577, 578, 579, 580, 581, 582, 583, 584, 585, 588, 590, 591, 594, 595, 596, 597, 599, 601, 602, 605, 606, 608, 609, 612, 613], "excluded_lines": [], "functions": {"ExtendedAudits.__init__": {"executed_lines": [], "summary": {"covered_lines": 0, "num_statements": 4, "percent_covered": 0.0, "percent_covered_display": "0", "missing_lines": 4, "excluded_lines": 0}, "missing_lines": [21, 22, 23, 24], "excluded_lines": []}, "ExtendedAudits.log": {"executed_lines": [], "summary": {"covered_lines": 0, "num_statements": 2, "percent_covered": 0.0, "percent_covered_display": "0", "missing_lines": 2, "excluded_lines": 0}, "missing_lines": [27, 28], "excluded_lines": []}, "ExtendedAudits.add_issue": {"executed_lines": [], "summary": {"covered_lines": 0, "num_statements": 2, "percent_covered": 0.0, "percent_covered_display": "0", "missing_lines": 2, "excluded_lines": 0}, "missing_lines": [31, 39], "excluded_lines": []}, "ExtendedAudits.audit_5_reliability": {"executed_lines": [], "summary": {"covered_lines": 0, "num_statements": 33, "percent_covered": 0.0, "percent_covered_display": "0", "missing_lines": 33, "excluded_lines": 0}, "missing_lines": [43, 44, 45, 47, 55, 58, 59, 60, 61, 62, 63, 64, 67, 68, 69, 70, 72, 73, 77, 78, 81, 82, 85, 86, 87, 88, 92, 93, 94, 96, 97, 105, 106], "excluded_lines": []}, "ExtendedAudits.audit_6_tests": {"executed_lines": [], "summary": {"covered_lines": 0, "num_statements": 34, "percent_covered": 0.0, "percent_covered_display": "0", "missing_lines": 34, "excluded_lines": 0}, "missing_lines": [110, 111, 112, 114, 125, 126, 127, 128, 131, 132, 134, 135, 136, 137, 138, 139, 140, 141, 142, 143, 146, 149, 150, 151, 152, 154, 155, 156, 157, 158, 160, 161, 169, 170], "excluded_lines": []}, "ExtendedAudits.audit_7_observability": {"executed_lines": [], "summary": {"covered_lines": 0, "num_statements": 32, "percent_covered": 0.0, "percent_covered_display": "0", "missing_lines": 32, "excluded_lines": 0}, "missing_lines": [174, 175, 176, 178, 186, 187, 188, 189, 190, 191, 194, 195, 196, 197, 200, 201, 202, 203, 204, 206, 207, 210, 211, 214, 215, 217, 218, 219, 221, 222, 230, 231], "excluded_lines": []}, "ExtendedAudits.audit_8_strategy": {"executed_lines": [], "summary": {"covered_lines": 0, "num_statements": 24, "percent_covered": 0.0, "percent_covered_display": "0", "missing_lines": 24, "excluded_lines": 0}, "missing_lines": [235, 236, 237, 239, 246, 247, 248, 250, 251, 254, 255, 258, 259, 260, 261, 262, 264, 265, 267, 268, 270, 271, 273, 274], "excluded_lines": []}, "ExtendedAudits.audit_9_exchange": {"executed_lines": [], "summary": {"covered_lines": 0, "num_statements": 22, "percent_covered": 0.0, "percent_covered_display": "0", "missing_lines": 22, "excluded_lines": 0}, "missing_lines": [278, 279, 280, 282, 290, 291, 292, 293, 298, 299, 300, 301, 303, 304, 307, 308, 310, 311, 313, 314, 322, 323], "excluded_lines": []}, "ExtendedAudits.audit_10_security": {"executed_lines": [], "summary": {"covered_lines": 0, "num_statements": 33, "percent_covered": 0.0, "percent_covered_display": "0", "missing_lines": 33, "excluded_lines": 0}, "missing_lines": [327, 328, 329, 331, 339, 340, 341, 342, 344, 353, 354, 360, 361, 362, 363, 365, 366, 367, 369, 370, 374, 375, 378, 379, 380, 381, 383, 384, 385, 387, 388, 390, 391], "excluded_lines": []}, "ExtendedAudits.audit_11_cicd": {"executed_lines": [], "summary": {"covered_lines": 0, "num_statements": 21, "percent_covered": 0.0, "percent_covered_display": "0", "missing_lines": 21, "excluded_lines": 0}, "missing_lines": [395, 396, 397, 399, 407, 408, 409, 410, 411, 414, 415, 416, 417, 418, 421, 422, 423, 425, 426, 434, 435], "excluded_lines": []}, "ExtendedAudits.audit_12_docs": {"executed_lines": [], "summary": {"covered_lines": 0, "num_statements": 29, "percent_covered": 0.0, "percent_covered_display": "0", "missing_lines": 29, "excluded_lines": 0}, "missing_lines": [439, 440, 441, 443, 452, 453, 456, 457, 458, 459, 460, 461, 462, 463, 464, 465, 466, 469, 470, 471, 472, 473, 474, 476, 477, 478, 479, 481, 482], "excluded_lines": []}, "ExtendedAudits.generate_backlog": {"executed_lines": [], "summary": {"covered_lines": 0, "num_statements": 11, "percent_covered": 0.0, "percent_covered_display": "0", "missing_lines": 11, "excluded_lines": 0}, "missing_lines": [486, 487, 488, 491, 492, 493, 494, 501, 510, 512, 514], "excluded_lines": []}, "ExtendedAudits.save_extended_reports": {"executed_lines": [], "summary": {"covered_lines": 0, "num_statements": 48, "percent_covered": 0.0, "percent_covered_display": "0", "missing_lines": 48, "excluded_lines": 0}, "missing_lines": [518, 519, 520, 523, 524, 525, 526, 527, 528, 529, 530, 531, 532, 533, 534, 537, 538, 539, 540, 541, 542, 543, 544, 545, 546, 547, 548, 551, 552, 553, 554, 555, 556, 557, 558, 559, 560, 561, 564, 565, 566, 567, 568, 569, 570, 571, 572, 573], "excluded_lines": []}, "ExtendedAudits.run_all": {"executed_lines": [], "summary": {"covered_lines": 0, "num_statements": 9, "percent_covered": 0.0, "percent_covered_display": "0", "missing_lines": 9, "excluded_lines": 0}, "missing_lines": [577, 578, 579, 580, 581, 582, 583, 584, 585], "excluded_lines": []}, "main": {"executed_lines": [], "summary": {"covered_lines": 0, "num_statements": 13, "percent_covered": 0.0, "percent_covered_display": "0", "missing_lines": 13, "excluded_lines": 0}, "missing_lines": [590, 591, 594, 595, 596, 597, 599, 601, 602, 605, 606, 608, 609], "excluded_lines": []}, "": {"executed_lines": [], "summary": {"covered_lines": 0, "num_statements": 24, "percent_covered": 0.0, "percent_covered_display": "0", "missing_lines": 24, "excluded_lines": 0}, "missing_lines": [9, 10, 11, 12, 13, 14, 17, 20, 26, 30, 41, 108, 172, 233, 276, 325, 393, 437, 484, 516, 575, 588, 612, 613], "excluded_lines": []}}, "classes": {"ExtendedAudits": {"executed_lines": [], "summary": {"covered_lines": 0, "num_statements": 304, "percent_covered": 0.0, "percent_covered_display": "0", "missing_lines": 304, "excluded_lines": 0}, "missing_lines": [21, 22, 23, 24, 27, 28, 31, 39, 43, 44, 45, 47, 55, 58, 59, 60, 61, 62, 63, 64, 67, 68, 69, 70, 72, 73, 77, 78, 81, 82, 85, 86, 87, 88, 92, 93, 94, 96, 97, 105, 106, 110, 111, 112, 114, 125, 126, 127, 128, 131, 132, 134, 135, 136, 137, 138, 139, 140, 141, 142, 143, 146, 149, 150, 151, 152, 154, 155, 156, 157, 158, 160, 161, 169, 170, 174, 175, 176, 178, 186, 187, 188, 189, 190, 191, 194, 195, 196, 197, 200, 201, 202, 203, 204, 206, 207, 210, 211, 214, 215, 217, 218, 219, 221, 222, 230, 231, 235, 236, 237, 239, 246, 247, 248, 250, 251, 254, 255, 258, 259, 260, 261, 262, 264, 265, 267, 268, 270, 271, 273, 274, 278, 279, 280, 282, 290, 291, 292, 293, 298, 299, 300, 301, 303, 304, 307, 308, 310, 311, 313, 314, 322, 323, 327, 328, 329, 331, 339, 340, 341, 342, 344, 353, 354, 360, 361, 362, 363, 365, 366, 367, 369, 370, 374, 375, 378, 379, 380, 381, 383, 384, 385, 387, 388, 390, 391, 395, 396, 397, 399, 407, 408, 409, 410, 411, 414, 415, 416, 417, 418, 421, 422, 423, 425, 426, 434, 435, 439, 440, 441, 443, 452, 453, 456, 457, 458, 459, 460, 461, 462, 463, 464, 465, 466, 469, 470, 471, 472, 473, 474, 476, 477, 478, 479, 481, 482, 486, 487, 488, 491, 492, 493, 494, 501, 510, 512, 514, 518, 519, 520, 523, 524, 525, 526, 527, 528, 529, 530, 531, 532, 533, 534, 537, 538, 539, 540, 541, 542, 543, 544, 545, 546, 547, 548, 551, 552, 553, 554, 555, 556, 557, 558, 559, 560, 561, 564, 565, 566, 567, 568, 569, 570, 571, 572, 573, 577, 578, 579, 580, 581, 582, 583, 584, 585], "excluded_lines": []}, "": {"executed_lines": [], "summary": {"covered_lines": 0, "num_statements": 37, "percent_covered": 0.0, "percent_covered_display": "0", "missing_lines": 37, "excluded_lines": 0}, "missing_lines": [9, 10, 11, 12, 13, 14, 17, 20, 26, 30, 41, 108, 172, 233, 276, 325, 393, 437, 484, 516, 575, 588, 590, 591, 594, 595, 596, 597, 599, 601, 602, 605, 606, 608, 609, 612, 613], "excluded_lines": []}}}, "tools\\audit\\system_audit_v2.py": {"executed_lines": [], "summary": {"covered_lines": 0, "num_statements": 416, "percent_covered": 0.0, "percent_covered_display": "0", "missing_lines": 416, "excluded_lines": 0}, "missing_lines": [12, 13, 14, 15, 16, 17, 18, 19, 22, 25, 26, 27, 28, 31, 47, 54, 56, 57, 59, 61, 69, 71, 73, 74, 75, 77, 87, 88, 89, 90, 91, 92, 99, 100, 104, 105, 106, 107, 108, 109, 110, 112, 115, 116, 117, 118, 119, 125, 126, 127, 129, 130, 131, 132, 133, 136, 137, 138, 139, 140, 141, 142, 143, 146, 153, 154, 155, 156, 157, 158, 159, 160, 161, 162, 164, 167, 168, 169, 171, 179, 181, 182, 185, 186, 187, 189, 191, 193, 195, 196, 197, 199, 207, 210, 220, 221, 222, 223, 225, 226, 227, 228, 231, 232, 234, 235, 236, 239, 240, 246, 248, 256, 257, 260, 261, 262, 263, 266, 267, 268, 270, 271, 273, 274, 275, 276, 283, 284, 285, 288, 289, 290, 291, 297, 298, 301, 302, 303, 304, 305, 308, 309, 310, 312, 313, 314, 316, 318, 319, 321, 323, 324, 325, 326, 327, 335, 337, 339, 340, 341, 343, 352, 353, 354, 355, 356, 358, 359, 366, 367, 368, 369, 373, 375, 376, 378, 379, 388, 391, 398, 400, 401, 403, 404, 405, 407, 408, 409, 414, 415, 418, 439, 441, 442, 444, 446, 448, 449, 450, 452, 459, 462, 470, 473, 479, 480, 481, 482, 485, 486, 491, 492, 493, 498, 499, 503, 504, 505, 506, 507, 510, 511, 517, 524, 525, 527, 529, 530, 532, 533, 535, 537, 539, 540, 541, 544, 545, 546, 547, 549, 553, 554, 555, 556, 557, 560, 561, 562, 563, 564, 565, 567, 569, 587, 588, 589, 591, 593, 595, 596, 597, 600, 601, 602, 603, 605, 606, 607, 608, 609, 610, 611, 612, 614, 615, 616, 617, 618, 619, 621, 624, 625, 626, 627, 629, 631, 632, 633, 634, 635, 637, 639, 640, 641, 642, 644, 646, 647, 648, 650, 653, 654, 655, 656, 658, 660, 661, 662, 663, 664, 665, 667, 669, 670, 671, 672, 673, 674, 676, 679, 680, 682, 683, 684, 686, 687, 688, 690, 691, 692, 693, 694, 695, 697, 698, 699, 700, 701, 703, 704, 705, 706, 707, 708, 709, 711, 712, 713, 714, 715, 716, 718, 719, 720, 721, 722, 724, 727, 728, 729, 731, 733, 735, 737, 738, 739, 740, 741, 742, 743, 744, 745, 746, 747, 748, 749, 750, 751, 752, 753, 754, 755, 756, 757, 758, 759, 760, 761, 763, 765, 766, 767, 769, 800, 801, 802, 804, 806, 807, 808, 809, 812, 813, 814, 815, 821, 824, 825, 827, 829, 832, 834, 835, 836, 839, 840], "excluded_lines": [], "functions": {"SystemAuditorV2.__init__": {"executed_lines": [], "summary": {"covered_lines": 0, "num_statements": 5, "percent_covered": 0.0, "percent_covered_display": "0", "missing_lines": 5, "excluded_lines": 0}, "missing_lines": [26, 27, 28, 31, 47], "excluded_lines": []}, "SystemAuditorV2.log": {"executed_lines": [], "summary": {"covered_lines": 0, "num_statements": 2, "percent_covered": 0.0, "percent_covered_display": "0", "missing_lines": 2, "excluded_lines": 0}, "missing_lines": [56, 57], "excluded_lines": []}, "SystemAuditorV2.add_issue": {"executed_lines": [], "summary": {"covered_lines": 0, "num_statements": 2, "percent_covered": 0.0, "percent_covered_display": "0", "missing_lines": 2, "excluded_lines": 0}, "missing_lines": [61, 69], "excluded_lines": []}, "SystemAuditorV2.audit_1_inventory": {"executed_lines": [], "summary": {"covered_lines": 0, "num_statements": 65, "percent_covered": 0.0, "percent_covered_display": "0", "missing_lines": 65, "excluded_lines": 0}, "missing_lines": [73, 74, 75, 77, 87, 88, 89, 90, 91, 92, 99, 100, 104, 105, 106, 107, 108, 109, 110, 112, 115, 116, 117, 118, 119, 125, 126, 127, 129, 130, 131, 132, 133, 136, 137, 138, 139, 140, 141, 142, 143, 146, 153, 154, 155, 156, 157, 158, 159, 160, 161, 162, 164, 167, 168, 169, 171, 179, 181, 182, 185, 186, 187, 189, 191], "excluded_lines": []}, "SystemAuditorV2.audit_2_architecture": {"executed_lines": [], "summary": {"covered_lines": 0, "num_statements": 68, "percent_covered": 0.0, "percent_covered_display": "0", "missing_lines": 68, "excluded_lines": 0}, "missing_lines": [195, 196, 197, 199, 207, 210, 220, 221, 222, 223, 225, 226, 227, 228, 231, 232, 234, 235, 236, 239, 240, 246, 248, 256, 257, 260, 261, 262, 263, 266, 267, 268, 270, 271, 273, 274, 275, 276, 283, 284, 285, 288, 289, 290, 291, 297, 298, 301, 302, 303, 304, 305, 308, 309, 310, 312, 313, 314, 316, 318, 319, 321, 323, 324, 325, 326, 327, 335], "excluded_lines": []}, "SystemAuditorV2.audit_3_performance": {"executed_lines": [], "summary": {"covered_lines": 0, "num_statements": 38, "percent_covered": 0.0, "percent_covered_display": "0", "missing_lines": 38, "excluded_lines": 0}, "missing_lines": [339, 340, 341, 343, 352, 353, 354, 355, 356, 358, 359, 366, 367, 368, 369, 373, 375, 376, 378, 379, 388, 391, 398, 400, 401, 403, 404, 405, 407, 408, 409, 414, 415, 418, 439, 441, 442, 444], "excluded_lines": []}, "SystemAuditorV2.audit_4_concurrency": {"executed_lines": [], "summary": {"covered_lines": 0, "num_statements": 35, "percent_covered": 0.0, "percent_covered_display": "0", "missing_lines": 35, "excluded_lines": 0}, "missing_lines": [448, 449, 450, 452, 459, 462, 470, 473, 479, 480, 481, 482, 485, 486, 491, 492, 493, 498, 499, 503, 504, 505, 506, 507, 510, 511, 517, 524, 525, 527, 529, 530, 532, 533, 535], "excluded_lines": []}, "SystemAuditorV2.generate_executive_summary": {"executed_lines": [], "summary": {"covered_lines": 0, "num_statements": 25, "percent_covered": 0.0, "percent_covered_display": "0", "missing_lines": 25, "excluded_lines": 0}, "missing_lines": [539, 540, 541, 544, 545, 546, 547, 549, 553, 554, 555, 556, 557, 560, 561, 562, 563, 564, 565, 567, 569, 587, 588, 589, 591], "excluded_lines": []}, "SystemAuditorV2.save_reports": {"executed_lines": [], "summary": {"covered_lines": 0, "num_statements": 104, "percent_covered": 0.0, "percent_covered_display": "0", "missing_lines": 104, "excluded_lines": 0}, "missing_lines": [595, 596, 597, 600, 601, 602, 603, 605, 606, 607, 608, 609, 610, 611, 612, 614, 615, 616, 617, 618, 619, 621, 624, 625, 626, 627, 629, 631, 632, 633, 634, 635, 637, 639, 640, 641, 642, 644, 646, 647, 648, 650, 653, 654, 655, 656, 658, 660, 661, 662, 663, 664, 665, 667, 669, 670, 671, 672, 673, 674, 676, 679, 680, 682, 683, 684, 686, 687, 688, 690, 691, 692, 693, 694, 695, 697, 698, 699, 700, 701, 703, 704, 705, 706, 707, 708, 709, 711, 712, 713, 714, 715, 716, 718, 719, 720, 721, 722, 724, 727, 728, 729, 731, 733], "excluded_lines": []}, "SystemAuditorV2.print_tldr": {"executed_lines": [], "summary": {"covered_lines": 0, "num_statements": 25, "percent_covered": 0.0, "percent_covered_display": "0", "missing_lines": 25, "excluded_lines": 0}, "missing_lines": [737, 738, 739, 740, 741, 742, 743, 744, 745, 746, 747, 748, 749, 750, 751, 752, 753, 754, 755, 756, 757, 758, 759, 760, 761], "excluded_lines": []}, "SystemAuditorV2.print_json_export": {"executed_lines": [], "summary": {"covered_lines": 0, "num_statements": 7, "percent_covered": 0.0, "percent_covered_display": "0", "missing_lines": 7, "excluded_lines": 0}, "missing_lines": [765, 766, 767, 769, 800, 801, 802], "excluded_lines": []}, "SystemAuditorV2.run": {"executed_lines": [], "summary": {"covered_lines": 0, "num_statements": 13, "percent_covered": 0.0, "percent_covered_display": "0", "missing_lines": 13, "excluded_lines": 0}, "missing_lines": [806, 807, 808, 809, 812, 813, 814, 815, 821, 824, 825, 827, 829], "excluded_lines": []}, "main": {"executed_lines": [], "summary": {"covered_lines": 0, "num_statements": 3, "percent_covered": 0.0, "percent_covered_display": "0", "missing_lines": 3, "excluded_lines": 0}, "missing_lines": [834, 835, 836], "excluded_lines": []}, "": {"executed_lines": [], "summary": {"covered_lines": 0, "num_statements": 24, "percent_covered": 0.0, "percent_covered_display": "0", "missing_lines": 24, "excluded_lines": 0}, "missing_lines": [12, 13, 14, 15, 16, 17, 18, 19, 22, 25, 54, 59, 71, 193, 337, 446, 537, 593, 735, 763, 804, 832, 839, 840], "excluded_lines": []}}, "classes": {"SystemAuditorV2": {"executed_lines": [], "summary": {"covered_lines": 0, "num_statements": 389, "percent_covered": 0.0, "percent_covered_display": "0", "missing_lines": 389, "excluded_lines": 0}, "missing_lines": [26, 27, 28, 31, 47, 56, 57, 61, 69, 73, 74, 75, 77, 87, 88, 89, 90, 91, 92, 99, 100, 104, 105, 106, 107, 108, 109, 110, 112, 115, 116, 117, 118, 119, 125, 126, 127, 129, 130, 131, 132, 133, 136, 137, 138, 139, 140, 141, 142, 143, 146, 153, 154, 155, 156, 157, 158, 159, 160, 161, 162, 164, 167, 168, 169, 171, 179, 181, 182, 185, 186, 187, 189, 191, 195, 196, 197, 199, 207, 210, 220, 221, 222, 223, 225, 226, 227, 228, 231, 232, 234, 235, 236, 239, 240, 246, 248, 256, 257, 260, 261, 262, 263, 266, 267, 268, 270, 271, 273, 274, 275, 276, 283, 284, 285, 288, 289, 290, 291, 297, 298, 301, 302, 303, 304, 305, 308, 309, 310, 312, 313, 314, 316, 318, 319, 321, 323, 324, 325, 326, 327, 335, 339, 340, 341, 343, 352, 353, 354, 355, 356, 358, 359, 366, 367, 368, 369, 373, 375, 376, 378, 379, 388, 391, 398, 400, 401, 403, 404, 405, 407, 408, 409, 414, 415, 418, 439, 441, 442, 444, 448, 449, 450, 452, 459, 462, 470, 473, 479, 480, 481, 482, 485, 486, 491, 492, 493, 498, 499, 503, 504, 505, 506, 507, 510, 511, 517, 524, 525, 527, 529, 530, 532, 533, 535, 539, 540, 541, 544, 545, 546, 547, 549, 553, 554, 555, 556, 557, 560, 561, 562, 563, 564, 565, 567, 569, 587, 588, 589, 591, 595, 596, 597, 600, 601, 602, 603, 605, 606, 607, 608, 609, 610, 611, 612, 614, 615, 616, 617, 618, 619, 621, 624, 625, 626, 627, 629, 631, 632, 633, 634, 635, 637, 639, 640, 641, 642, 644, 646, 647, 648, 650, 653, 654, 655, 656, 658, 660, 661, 662, 663, 664, 665, 667, 669, 670, 671, 672, 673, 674, 676, 679, 680, 682, 683, 684, 686, 687, 688, 690, 691, 692, 693, 694, 695, 697, 698, 699, 700, 701, 703, 704, 705, 706, 707, 708, 709, 711, 712, 713, 714, 715, 716, 718, 719, 720, 721, 722, 724, 727, 728, 729, 731, 733, 737, 738, 739, 740, 741, 742, 743, 744, 745, 746, 747, 748, 749, 750, 751, 752, 753, 754, 755, 756, 757, 758, 759, 760, 761, 765, 766, 767, 769, 800, 801, 802, 806, 807, 808, 809, 812, 813, 814, 815, 821, 824, 825, 827, 829], "excluded_lines": []}, "": {"executed_lines": [], "summary": {"covered_lines": 0, "num_statements": 27, "percent_covered": 0.0, "percent_covered_display": "0", "missing_lines": 27, "excluded_lines": 0}, "missing_lines": [12, 13, 14, 15, 16, 17, 18, 19, 22, 25, 54, 59, 71, 193, 337, 446, 537, 593, 735, 763, 804, 832, 834, 835, 836, 839, 840], "excluded_lines": []}}}, "tools\\audit\\verify_chain.py": {"executed_lines": [], "summary": {"covered_lines": 0, "num_statements": 132, "percent_covered": 0.0, "percent_covered_display": "0", "missing_lines": 132, "excluded_lines": 0}, "missing_lines": [26, 28, 29, 30, 31, 32, 34, 35, 38, 41, 42, 43, 44, 47, 50, 51, 52, 53, 54, 55, 56, 57, 58, 59, 60, 61, 62, 63, 64, 65, 66, 67, 68, 69, 70, 71, 72, 73, 75, 76, 77, 80, 81, 82, 83, 84, 85, 86, 89, 90, 91, 92, 93, 96, 97, 98, 99, 102, 104, 105, 106, 107, 108, 110, 111, 112, 115, 116, 117, 118, 119, 121, 123, 125, 126, 127, 128, 130, 131, 132, 133, 134, 135, 136, 137, 138, 139, 142, 143, 144, 145, 146, 148, 149, 150, 152, 158, 161, 162, 163, 164, 165, 166, 167, 168, 169, 170, 171, 172, 173, 174, 177, 178, 179, 180, 181, 182, 183, 184, 185, 186, 187, 188, 189, 190, 191, 192, 193, 194, 195, 198, 199], "excluded_lines": [], "functions": {"_now_utc_iso": {"executed_lines": [], "summary": {"covered_lines": 0, "num_statements": 4, "percent_covered": 0.0, "percent_covered_display": "0", "missing_lines": 4, "excluded_lines": 0}, "missing_lines": [42, 43, 44, 47], "excluded_lines": []}, "_write_text_atomic": {"executed_lines": [], "summary": {"covered_lines": 0, "num_statements": 26, "percent_covered": 0.0, "percent_covered_display": "0", "missing_lines": 26, "excluded_lines": 0}, "missing_lines": [51, 52, 53, 54, 55, 56, 57, 58, 59, 60, 61, 62, 63, 64, 65, 66, 67, 68, 69, 70, 71, 72, 73, 75, 76, 77], "excluded_lines": []}, "_parse_args": {"executed_lines": [], "summary": {"covered_lines": 0, "num_statements": 6, "percent_covered": 0.0, "percent_covered_display": "0", "missing_lines": 6, "excluded_lines": 0}, "missing_lines": [81, 82, 83, 84, 85, 86], "excluded_lines": []}, "_should_count": {"executed_lines": [], "summary": {"covered_lines": 0, "num_statements": 4, "percent_covered": 0.0, "percent_covered_display": "0", "missing_lines": 4, "excluded_lines": 0}, "missing_lines": [90, 91, 92, 93], "excluded_lines": []}, "verify": {"executed_lines": [], "summary": {"covered_lines": 0, "num_statements": 43, "percent_covered": 0.0, "percent_covered_display": "0", "missing_lines": 43, "excluded_lines": 0}, "missing_lines": [97, 98, 99, 102, 104, 105, 106, 107, 108, 110, 111, 112, 115, 116, 117, 118, 119, 121, 123, 125, 126, 127, 128, 130, 131, 132, 133, 134, 135, 136, 137, 138, 139, 142, 143, 144, 145, 146, 148, 149, 150, 152, 158], "excluded_lines": []}, "_format_md": {"executed_lines": [], "summary": {"covered_lines": 0, "num_statements": 13, "percent_covered": 0.0, "percent_covered_display": "0", "missing_lines": 13, "excluded_lines": 0}, "missing_lines": [162, 163, 164, 165, 166, 167, 168, 169, 170, 171, 172, 173, 174], "excluded_lines": []}, "main": {"executed_lines": [], "summary": {"covered_lines": 0, "num_statements": 18, "percent_covered": 0.0, "percent_covered_display": "0", "missing_lines": 18, "excluded_lines": 0}, "missing_lines": [178, 179, 180, 181, 182, 183, 184, 185, 186, 187, 188, 189, 190, 191, 192, 193, 194, 195], "excluded_lines": []}, "": {"executed_lines": [], "summary": {"covered_lines": 0, "num_statements": 18, "percent_covered": 0.0, "percent_covered_display": "0", "missing_lines": 18, "excluded_lines": 0}, "missing_lines": [26, 28, 29, 30, 31, 32, 34, 35, 38, 41, 50, 80, 89, 96, 161, 177, 198, 199], "excluded_lines": []}}, "classes": {"": {"executed_lines": [], "summary": {"covered_lines": 0, "num_statements": 132, "percent_covered": 0.0, "percent_covered_display": "0", "missing_lines": 132, "excluded_lines": 0}, "missing_lines": [26, 28, 29, 30, 31, 32, 34, 35, 38, 41, 42, 43, 44, 47, 50, 51, 52, 53, 54, 55, 56, 57, 58, 59, 60, 61, 62, 63, 64, 65, 66, 67, 68, 69, 70, 71, 72, 73, 75, 76, 77, 80, 81, 82, 83, 84, 85, 86, 89, 90, 91, 92, 93, 96, 97, 98, 99, 102, 104, 105, 106, 107, 108, 110, 111, 112, 115, 116, 117, 118, 119, 121, 123, 125, 126, 127, 128, 130, 131, 132, 133, 134, 135, 136, 137, 138, 139, 142, 143, 144, 145, 146, 148, 149, 150, 152, 158, 161, 162, 163, 164, 165, 166, 167, 168, 169, 170, 171, 172, 173, 174, 177, 178, 179, 180, 181, 182, 183, 184, 185, 186, 187, 188, 189, 190, 191, 192, 193, 194, 195, 198, 199], "excluded_lines": []}}}, "tools\\calibration\\__init__.py": {"executed_lines": [], "summary": {"covered_lines": 0, "num_statements": 1, "percent_covered": 0.0, "percent_covered_display": "0", "missing_lines": 1, "excluded_lines": 0}, "missing_lines": [9], "excluded_lines": [], "functions": {"": {"executed_lines": [], "summary": {"covered_lines": 0, "num_statements": 1, "percent_covered": 0.0, "percent_covered_display": "0", "missing_lines": 1, "excluded_lines": 0}, "missing_lines": [9], "excluded_lines": []}}, "classes": {"": {"executed_lines": [], "summary": {"covered_lines": 0, "num_statements": 1, "percent_covered": 0.0, "percent_covered_display": "0", "missing_lines": 1, "excluded_lines": 0}, "missing_lines": [9], "excluded_lines": []}}}, "tools\\calibration\\dataset_aggregator.py": {"executed_lines": [], "summary": {"covered_lines": 0, "num_statements": 201, "percent_covered": 0.0, "percent_covered_display": "0", "missing_lines": 201, "excluded_lines": 0}, "missing_lines": [11, 12, 13, 14, 15, 16, 17, 20, 23, 24, 25, 26, 27, 30, 31, 33, 35, 36, 38, 41, 42, 43, 45, 47, 50, 51, 53, 54, 55, 56, 58, 59, 60, 62, 64, 66, 68, 70, 72, 73, 74, 75, 76, 78, 79, 82, 83, 84, 86, 89, 90, 92, 93, 94, 95, 96, 97, 99, 101, 103, 104, 107, 109, 112, 113, 115, 116, 117, 118, 120, 121, 124, 126, 127, 130, 131, 133, 136, 137, 139, 141, 143, 151, 152, 154, 156, 157, 158, 159, 162, 163, 165, 166, 167, 168, 170, 171, 173, 175, 177, 179, 181, 185, 186, 189, 190, 191, 194, 195, 196, 198, 200, 202, 204, 206, 226, 228, 229, 231, 232, 233, 235, 236, 238, 239, 240, 241, 243, 245, 247, 248, 249, 251, 252, 254, 255, 258, 259, 261, 262, 263, 266, 267, 268, 269, 270, 271, 273, 275, 276, 277, 280, 281, 282, 285, 286, 287, 288, 289, 290, 291, 294, 295, 306, 307, 309, 310, 312, 315, 316, 318, 319, 321, 324, 325, 326, 328, 330, 331, 332, 334, 336, 337, 338, 340, 342, 343, 345, 347, 350, 352, 353, 354, 355, 357, 359, 360, 362, 363, 366, 367], "excluded_lines": [], "functions": {"DatasetAggregator.__init__": {"executed_lines": [], "summary": {"covered_lines": 0, "num_statements": 6, "percent_covered": 0.0, "percent_covered_display": "0", "missing_lines": 6, "excluded_lines": 0}, "missing_lines": [24, 25, 26, 27, 30, 31], "excluded_lines": []}, "DatasetAggregator.log": {"executed_lines": [], "summary": {"covered_lines": 0, "num_statements": 2, "percent_covered": 0.0, "percent_covered_display": "0", "missing_lines": 2, "excluded_lines": 0}, "missing_lines": [35, 36], "excluded_lines": []}, "DatasetAggregator.parse_iso_timestamp": {"executed_lines": [], "summary": {"covered_lines": 0, "num_statements": 3, "percent_covered": 0.0, "percent_covered_display": "0", "missing_lines": 3, "excluded_lines": 0}, "missing_lines": [41, 42, 43], "excluded_lines": []}, "DatasetAggregator.find_jsonl_files": {"executed_lines": [], "summary": {"covered_lines": 0, "num_statements": 13, "percent_covered": 0.0, "percent_covered_display": "0", "missing_lines": 13, "excluded_lines": 0}, "missing_lines": [47, 50, 51, 53, 54, 55, 56, 58, 59, 60, 62, 64, 66], "excluded_lines": []}, "DatasetAggregator.load_jsonl_lines": {"executed_lines": [], "summary": {"covered_lines": 0, "num_statements": 21, "percent_covered": 0.0, "percent_covered_display": "0", "missing_lines": 21, "excluded_lines": 0}, "missing_lines": [70, 72, 73, 74, 75, 76, 78, 79, 82, 83, 84, 86, 89, 90, 92, 93, 94, 95, 96, 97, 99], "excluded_lines": []}, "DatasetAggregator.aggregate_intervals": {"executed_lines": [], "summary": {"covered_lines": 0, "num_statements": 21, "percent_covered": 0.0, "percent_covered_display": "0", "missing_lines": 21, "excluded_lines": 0}, "missing_lines": [103, 104, 107, 109, 112, 113, 115, 116, 117, 118, 120, 121, 124, 126, 127, 130, 131, 133, 136, 137, 139], "excluded_lines": []}, "DatasetAggregator.compute_interval_stats": {"executed_lines": [], "summary": {"covered_lines": 0, "num_statements": 17, "percent_covered": 0.0, "percent_covered_display": "0", "missing_lines": 17, "excluded_lines": 0}, "missing_lines": [143, 151, 152, 154, 156, 157, 158, 159, 162, 163, 165, 166, 167, 168, 170, 171, 173], "excluded_lines": []}, "DatasetAggregator.apply_sanity_filters": {"executed_lines": [], "summary": {"covered_lines": 0, "num_statements": 13, "percent_covered": 0.0, "percent_covered_display": "0", "missing_lines": 13, "excluded_lines": 0}, "missing_lines": [177, 179, 181, 185, 186, 189, 190, 191, 194, 195, 196, 198, 200], "excluded_lines": []}, "DatasetAggregator.generate_summary": {"executed_lines": [], "summary": {"covered_lines": 0, "num_statements": 15, "percent_covered": 0.0, "percent_covered_display": "0", "missing_lines": 15, "excluded_lines": 0}, "missing_lines": [204, 206, 226, 228, 229, 231, 232, 233, 235, 236, 238, 239, 240, 241, 243], "excluded_lines": []}, "DatasetAggregator.aggregate": {"executed_lines": [], "summary": {"covered_lines": 0, "num_statements": 60, "percent_covered": 0.0, "percent_covered_display": "0", "missing_lines": 60, "excluded_lines": 0}, "missing_lines": [247, 248, 249, 251, 252, 254, 255, 258, 259, 261, 262, 263, 266, 267, 268, 269, 270, 271, 273, 275, 276, 277, 280, 281, 282, 285, 286, 287, 288, 289, 290, 291, 294, 295, 306, 307, 309, 310, 312, 315, 316, 318, 319, 321, 324, 325, 326, 328, 330, 331, 332, 334, 336, 337, 338, 340, 342, 343, 345, 347], "excluded_lines": []}, "main": {"executed_lines": [], "summary": {"covered_lines": 0, "num_statements": 9, "percent_covered": 0.0, "percent_covered_display": "0", "missing_lines": 9, "excluded_lines": 0}, "missing_lines": [352, 353, 354, 355, 357, 359, 360, 362, 363], "excluded_lines": []}, "": {"executed_lines": [], "summary": {"covered_lines": 0, "num_statements": 21, "percent_covered": 0.0, "percent_covered_display": "0", "missing_lines": 21, "excluded_lines": 0}, "missing_lines": [11, 12, 13, 14, 15, 16, 17, 20, 23, 33, 38, 45, 68, 101, 141, 175, 202, 245, 350, 366, 367], "excluded_lines": []}}, "classes": {"DatasetAggregator": {"executed_lines": [], "summary": {"covered_lines": 0, "num_statements": 171, "percent_covered": 0.0, "percent_covered_display": "0", "missing_lines": 171, "excluded_lines": 0}, "missing_lines": [24, 25, 26, 27, 30, 31, 35, 36, 41, 42, 43, 47, 50, 51, 53, 54, 55, 56, 58, 59, 60, 62, 64, 66, 70, 72, 73, 74, 75, 76, 78, 79, 82, 83, 84, 86, 89, 90, 92, 93, 94, 95, 96, 97, 99, 103, 104, 107, 109, 112, 113, 115, 116, 117, 118, 120, 121, 124, 126, 127, 130, 131, 133, 136, 137, 139, 143, 151, 152, 154, 156, 157, 158, 159, 162, 163, 165, 166, 167, 168, 170, 171, 173, 177, 179, 181, 185, 186, 189, 190, 191, 194, 195, 196, 198, 200, 204, 206, 226, 228, 229, 231, 232, 233, 235, 236, 238, 239, 240, 241, 243, 247, 248, 249, 251, 252, 254, 255, 258, 259, 261, 262, 263, 266, 267, 268, 269, 270, 271, 273, 275, 276, 277, 280, 281, 282, 285, 286, 287, 288, 289, 290, 291, 294, 295, 306, 307, 309, 310, 312, 315, 316, 318, 319, 321, 324, 325, 326, 328, 330, 331, 332, 334, 336, 337, 338, 340, 342, 343, 345, 347], "excluded_lines": []}, "": {"executed_lines": [], "summary": {"covered_lines": 0, "num_statements": 30, "percent_covered": 0.0, "percent_covered_display": "0", "missing_lines": 30, "excluded_lines": 0}, "missing_lines": [11, 12, 13, 14, 15, 16, 17, 20, 23, 33, 38, 45, 68, 101, 141, 175, 202, 245, 350, 352, 353, 354, 355, 357, 359, 360, 362, 363, 366, 367], "excluded_lines": []}}}, "tools\\calibration\\generate_summary.py": {"executed_lines": [], "summary": {"covered_lines": 0, "num_statements": 134, "percent_covered": 0.0, "percent_covered_display": "0", "missing_lines": 134, "excluded_lines": 0}, "missing_lines": [14, 15, 16, 17, 18, 19, 20, 21, 23, 26, 29, 36, 37, 39, 41, 51, 54, 55, 58, 61, 63, 65, 67, 77, 79, 80, 83, 84, 86, 88, 89, 92, 93, 96, 97, 98, 100, 111, 116, 122, 123, 124, 125, 128, 130, 139, 149, 152, 153, 154, 155, 156, 157, 160, 161, 162, 163, 164, 165, 167, 175, 193, 195, 196, 198, 199, 200, 201, 202, 203, 204, 207, 208, 209, 210, 211, 212, 215, 216, 217, 218, 219, 224, 225, 228, 229, 230, 231, 232, 233, 234, 235, 236, 237, 238, 239, 242, 243, 244, 245, 246, 247, 248, 249, 250, 251, 252, 253, 256, 257, 258, 259, 260, 261, 263, 264, 266, 268, 271, 272, 274, 277, 279, 280, 285, 291, 297, 300, 306, 307, 309, 310, 313, 314], "excluded_lines": [], "functions": {"CalibrationSummaryGenerator.__init__": {"executed_lines": [], "summary": {"covered_lines": 0, "num_statements": 3, "percent_covered": 0.0, "percent_covered_display": "0", "missing_lines": 3, "excluded_lines": 0}, "missing_lines": [36, 37, 39], "excluded_lines": []}, "CalibrationSummaryGenerator.generate": {"executed_lines": [], "summary": {"covered_lines": 0, "num_statements": 7, "percent_covered": 0.0, "percent_covered_display": "0", "missing_lines": 7, "excluded_lines": 0}, "missing_lines": [51, 54, 55, 58, 61, 63, 65], "excluded_lines": []}, "CalibrationSummaryGenerator._analyze_dataset": {"executed_lines": [], "summary": {"covered_lines": 0, "num_statements": 19, "percent_covered": 0.0, "percent_covered_display": "0", "missing_lines": 19, "excluded_lines": 0}, "missing_lines": [77, 79, 80, 83, 84, 86, 88, 89, 92, 93, 96, 111, 116, 122, 123, 124, 125, 128, 130], "excluded_lines": []}, "CalibrationSummaryGenerator._analyze_dataset.compute_stats": {"executed_lines": [], "summary": {"covered_lines": 0, "num_statements": 3, "percent_covered": 0.0, "percent_covered_display": "0", "missing_lines": 3, "excluded_lines": 0}, "missing_lines": [97, 98, 100], "excluded_lines": []}, "CalibrationSummaryGenerator._analyze_missing_data": {"executed_lines": [], "summary": {"covered_lines": 0, "num_statements": 14, "percent_covered": 0.0, "percent_covered_display": "0", "missing_lines": 14, "excluded_lines": 0}, "missing_lines": [149, 152, 153, 154, 155, 156, 157, 160, 161, 162, 163, 164, 165, 167], "excluded_lines": []}, "CalibrationSummaryGenerator._write_report": {"executed_lines": [], "summary": {"covered_lines": 0, "num_statements": 60, "percent_covered": 0.0, "percent_covered_display": "0", "missing_lines": 60, "excluded_lines": 0}, "missing_lines": [193, 195, 196, 198, 199, 200, 201, 202, 203, 204, 207, 208, 209, 210, 211, 212, 215, 216, 217, 218, 219, 224, 225, 228, 229, 230, 231, 232, 233, 234, 235, 236, 237, 238, 239, 242, 243, 244, 245, 246, 247, 248, 249, 250, 251, 252, 253, 256, 257, 258, 259, 260, 261, 263, 264, 266, 268, 271, 272, 274], "excluded_lines": []}, "main": {"executed_lines": [], "summary": {"covered_lines": 0, "num_statements": 10, "percent_covered": 0.0, "percent_covered_display": "0", "missing_lines": 10, "excluded_lines": 0}, "missing_lines": [279, 280, 285, 291, 297, 300, 306, 307, 309, 310], "excluded_lines": []}, "": {"executed_lines": [], "summary": {"covered_lines": 0, "num_statements": 18, "percent_covered": 0.0, "percent_covered_display": "0", "missing_lines": 18, "excluded_lines": 0}, "missing_lines": [14, 15, 16, 17, 18, 19, 20, 21, 23, 26, 29, 41, 67, 139, 175, 277, 313, 314], "excluded_lines": []}}, "classes": {"CalibrationSummaryGenerator": {"executed_lines": [], "summary": {"covered_lines": 0, "num_statements": 106, "percent_covered": 0.0, "percent_covered_display": "0", "missing_lines": 106, "excluded_lines": 0}, "missing_lines": [36, 37, 39, 51, 54, 55, 58, 61, 63, 65, 77, 79, 80, 83, 84, 86, 88, 89, 92, 93, 96, 97, 98, 100, 111, 116, 122, 123, 124, 125, 128, 130, 149, 152, 153, 154, 155, 156, 157, 160, 161, 162, 163, 164, 165, 167, 193, 195, 196, 198, 199, 200, 201, 202, 203, 204, 207, 208, 209, 210, 211, 212, 215, 216, 217, 218, 219, 224, 225, 228, 229, 230, 231, 232, 233, 234, 235, 236, 237, 238, 239, 242, 243, 244, 245, 246, 247, 248, 249, 250, 251, 252, 253, 256, 257, 258, 259, 260, 261, 263, 264, 266, 268, 271, 272, 274], "excluded_lines": []}, "": {"executed_lines": [], "summary": {"covered_lines": 0, "num_statements": 28, "percent_covered": 0.0, "percent_covered_display": "0", "missing_lines": 28, "excluded_lines": 0}, "missing_lines": [14, 15, 16, 17, 18, 19, 20, 21, 23, 26, 29, 41, 67, 139, 175, 277, 279, 280, 285, 291, 297, 300, 306, 307, 309, 310, 313, 314], "excluded_lines": []}}}, "tools\\chaos\\__init__.py": {"executed_lines": [], "summary": {"covered_lines": 0, "num_statements": 1, "percent_covered": 0.0, "percent_covered_display": "0", "missing_lines": 1, "excluded_lines": 0}, "missing_lines": [3], "excluded_lines": [], "functions": {"": {"executed_lines": [], "summary": {"covered_lines": 0, "num_statements": 1, "percent_covered": 0.0, "percent_covered_display": "0", "missing_lines": 1, "excluded_lines": 0}, "missing_lines": [3], "excluded_lines": []}}, "classes": {"": {"executed_lines": [], "summary": {"covered_lines": 0, "num_statements": 1, "percent_covered": 0.0, "percent_covered_display": "0", "missing_lines": 1, "excluded_lines": 0}, "missing_lines": [3], "excluded_lines": []}}}, "tools\\chaos\\findings_analyzer.py": {"executed_lines": [], "summary": {"covered_lines": 0, "num_statements": 78, "percent_covered": 0.0, "percent_covered_display": "0", "missing_lines": 78, "excluded_lines": 0}, "missing_lines": [8, 9, 10, 11, 12, 15, 25, 26, 27, 29, 37, 38, 40, 42, 44, 45, 46, 48, 49, 52, 54, 55, 57, 58, 59, 60, 62, 64, 72, 74, 76, 77, 79, 80, 82, 83, 85, 86, 88, 90, 92, 93, 95, 96, 98, 99, 101, 102, 104, 106, 108, 110, 120, 121, 123, 124, 125, 126, 127, 130, 132, 133, 134, 136, 138, 139, 141, 143, 144, 145, 146, 148, 149, 151, 152, 153, 156, 157], "excluded_lines": [], "functions": {"FindingsAnalyzer.__init__": {"executed_lines": [], "summary": {"covered_lines": 0, "num_statements": 3, "percent_covered": 0.0, "percent_covered_display": "0", "missing_lines": 3, "excluded_lines": 0}, "missing_lines": [37, 38, 40], "excluded_lines": []}, "FindingsAnalyzer.analyze_report": {"executed_lines": [], "summary": {"covered_lines": 0, "num_statements": 15, "percent_covered": 0.0, "percent_covered_display": "0", "missing_lines": 15, "excluded_lines": 0}, "missing_lines": [44, 45, 46, 48, 49, 52, 54, 55, 57, 58, 59, 60, 62, 64, 72], "excluded_lines": []}, "FindingsAnalyzer._classify_severity": {"executed_lines": [], "summary": {"covered_lines": 0, "num_statements": 9, "percent_covered": 0.0, "percent_covered_display": "0", "missing_lines": 9, "excluded_lines": 0}, "missing_lines": [76, 77, 79, 80, 82, 83, 85, 86, 88], "excluded_lines": []}, "FindingsAnalyzer._generate_recommendation": {"executed_lines": [], "summary": {"covered_lines": 0, "num_statements": 9, "percent_covered": 0.0, "percent_covered_display": "0", "missing_lines": 9, "excluded_lines": 0}, "missing_lines": [92, 93, 95, 96, 98, 99, 101, 102, 104], "excluded_lines": []}, "FindingsAnalyzer.export_findings": {"executed_lines": [], "summary": {"covered_lines": 0, "num_statements": 9, "percent_covered": 0.0, "percent_covered_display": "0", "missing_lines": 9, "excluded_lines": 0}, "missing_lines": [108, 110, 120, 121, 123, 124, 125, 126, 127], "excluded_lines": []}, "main": {"executed_lines": [], "summary": {"covered_lines": 0, "num_statements": 16, "percent_covered": 0.0, "percent_covered_display": "0", "missing_lines": 16, "excluded_lines": 0}, "missing_lines": [132, 133, 134, 136, 138, 139, 141, 143, 144, 145, 146, 148, 149, 151, 152, 153], "excluded_lines": []}, "": {"executed_lines": [], "summary": {"covered_lines": 0, "num_statements": 17, "percent_covered": 0.0, "percent_covered_display": "0", "missing_lines": 17, "excluded_lines": 0}, "missing_lines": [8, 9, 10, 11, 12, 15, 25, 26, 27, 29, 42, 74, 90, 106, 130, 156, 157], "excluded_lines": []}}, "classes": {"FindingsAnalyzer": {"executed_lines": [], "summary": {"covered_lines": 0, "num_statements": 45, "percent_covered": 0.0, "percent_covered_display": "0", "missing_lines": 45, "excluded_lines": 0}, "missing_lines": [37, 38, 40, 44, 45, 46, 48, 49, 52, 54, 55, 57, 58, 59, 60, 62, 64, 72, 76, 77, 79, 80, 82, 83, 85, 86, 88, 92, 93, 95, 96, 98, 99, 101, 102, 104, 108, 110, 120, 121, 123, 124, 125, 126, 127], "excluded_lines": []}, "": {"executed_lines": [], "summary": {"covered_lines": 0, "num_statements": 33, "percent_covered": 0.0, "percent_covered_display": "0", "missing_lines": 33, "excluded_lines": 0}, "missing_lines": [8, 9, 10, 11, 12, 15, 25, 26, 27, 29, 42, 74, 90, 106, 130, 132, 133, 134, 136, 138, 139, 141, 143, 144, 145, 146, 148, 149, 151, 152, 153, 156, 157], "excluded_lines": []}}}, "tools\\chaos\\report_generator.py": {"executed_lines": [], "summary": {"covered_lines": 0, "num_statements": 83, "percent_covered": 0.0, "percent_covered_display": "0", "missing_lines": 83, "excluded_lines": 0}, "missing_lines": [8, 9, 10, 11, 12, 13, 16, 26, 34, 35, 37, 38, 40, 42, 43, 44, 46, 47, 48, 49, 50, 51, 52, 54, 56, 58, 59, 61, 62, 71, 73, 74, 76, 79, 80, 81, 82, 85, 86, 87, 88, 89, 91, 93, 95, 107, 108, 109, 111, 118, 124, 125, 126, 128, 129, 131, 132, 134, 135, 138, 157, 158, 160, 163, 165, 166, 167, 169, 171, 172, 174, 176, 177, 178, 179, 181, 182, 183, 185, 186, 187, 190, 191], "excluded_lines": [], "functions": {"ChaosReportGenerator.__init__": {"executed_lines": [], "summary": {"covered_lines": 0, "num_statements": 4, "percent_covered": 0.0, "percent_covered_display": "0", "missing_lines": 4, "excluded_lines": 0}, "missing_lines": [34, 35, 37, 38], "excluded_lines": []}, "ChaosReportGenerator.load_runs": {"executed_lines": [], "summary": {"covered_lines": 0, "num_statements": 11, "percent_covered": 0.0, "percent_covered_display": "0", "missing_lines": 11, "excluded_lines": 0}, "missing_lines": [42, 43, 44, 46, 47, 48, 49, 50, 51, 52, 54], "excluded_lines": []}, "ChaosReportGenerator.analyze_runs": {"executed_lines": [], "summary": {"covered_lines": 0, "num_statements": 17, "percent_covered": 0.0, "percent_covered_display": "0", "missing_lines": 17, "excluded_lines": 0}, "missing_lines": [58, 59, 61, 62, 71, 73, 74, 76, 79, 80, 81, 82, 85, 86, 87, 88, 89], "excluded_lines": []}, "ChaosReportGenerator.generate_report": {"executed_lines": [], "summary": {"covered_lines": 0, "num_statements": 20, "percent_covered": 0.0, "percent_covered_display": "0", "missing_lines": 20, "excluded_lines": 0}, "missing_lines": [93, 95, 107, 108, 109, 111, 118, 124, 125, 126, 128, 129, 131, 132, 134, 135, 138, 157, 158, 160], "excluded_lines": []}, "main": {"executed_lines": [], "summary": {"covered_lines": 0, "num_statements": 17, "percent_covered": 0.0, "percent_covered_display": "0", "missing_lines": 17, "excluded_lines": 0}, "missing_lines": [165, 166, 167, 169, 171, 172, 174, 176, 177, 178, 179, 181, 182, 183, 185, 186, 187], "excluded_lines": []}, "": {"executed_lines": [], "summary": {"covered_lines": 0, "num_statements": 14, "percent_covered": 0.0, "percent_covered_display": "0", "missing_lines": 14, "excluded_lines": 0}, "missing_lines": [8, 9, 10, 11, 12, 13, 16, 26, 40, 56, 91, 163, 190, 191], "excluded_lines": []}}, "classes": {"ChaosReportGenerator": {"executed_lines": [], "summary": {"covered_lines": 0, "num_statements": 52, "percent_covered": 0.0, "percent_covered_display": "0", "missing_lines": 52, "excluded_lines": 0}, "missing_lines": [34, 35, 37, 38, 42, 43, 44, 46, 47, 48, 49, 50, 51, 52, 54, 58, 59, 61, 62, 71, 73, 74, 76, 79, 80, 81, 82, 85, 86, 87, 88, 89, 93, 95, 107, 108, 109, 111, 118, 124, 125, 126, 128, 129, 131, 132, 134, 135, 138, 157, 158, 160], "excluded_lines": []}, "": {"executed_lines": [], "summary": {"covered_lines": 0, "num_statements": 31, "percent_covered": 0.0, "percent_covered_display": "0", "missing_lines": 31, "excluded_lines": 0}, "missing_lines": [8, 9, 10, 11, 12, 13, 16, 26, 40, 56, 91, 163, 165, 166, 167, 169, 171, 172, 174, 176, 177, 178, 179, 181, 182, 183, 185, 186, 187, 190, 191], "excluded_lines": []}}}, "tools\\chaos\\soak_failover.py": {"executed_lines": [], "summary": {"covered_lines": 0, "num_statements": 70, "percent_covered": 0.0, "percent_covered_display": "0", "missing_lines": 70, "excluded_lines": 0}, "missing_lines": [3, 6, 13, 21, 22, 23, 24, 25, 26, 28, 40, 41, 42, 43, 44, 47, 49, 61, 62, 63, 66, 67, 70, 80, 81, 82, 83, 84, 85, 87, 89, 90, 92, 94, 95, 97, 99, 100, 103, 105, 106, 108, 109, 110, 111, 112, 113, 114, 116, 118, 121, 122, 123, 126, 127, 128, 132, 135, 150, 151, 152, 154, 155, 158, 159, 161, 162, 164, 167, 168], "excluded_lines": [], "functions": {"FakeKVLock.__init__": {"executed_lines": [], "summary": {"covered_lines": 0, "num_statements": 6, "percent_covered": 0.0, "percent_covered_display": "0", "missing_lines": 6, "excluded_lines": 0}, "missing_lines": [21, 22, 23, 24, 25, 26], "excluded_lines": []}, "FakeKVLock.try_acquire": {"executed_lines": [], "summary": {"covered_lines": 0, "num_statements": 6, "percent_covered": 0.0, "percent_covered_display": "0", "missing_lines": 6, "excluded_lines": 0}, "missing_lines": [40, 41, 42, 43, 44, 47], "excluded_lines": []}, "FakeKVLock.renew": {"executed_lines": [], "summary": {"covered_lines": 0, "num_statements": 5, "percent_covered": 0.0, "percent_covered_display": "0", "missing_lines": 5, "excluded_lines": 0}, "missing_lines": [61, 62, 63, 66, 67], "excluded_lines": []}, "FakeKVLock.acquire": {"executed_lines": [], "summary": {"covered_lines": 0, "num_statements": 6, "percent_covered": 0.0, "percent_covered_display": "0", "missing_lines": 6, "excluded_lines": 0}, "missing_lines": [80, 81, 82, 83, 84, 85], "excluded_lines": []}, "FakeKVLock.release": {"executed_lines": [], "summary": {"covered_lines": 0, "num_statements": 2, "percent_covered": 0.0, "percent_covered_display": "0", "missing_lines": 2, "excluded_lines": 0}, "missing_lines": [89, 90], "excluded_lines": []}, "FakeKVLock.__enter__": {"executed_lines": [], "summary": {"covered_lines": 0, "num_statements": 2, "percent_covered": 0.0, "percent_covered_display": "0", "missing_lines": 2, "excluded_lines": 0}, "missing_lines": [94, 95], "excluded_lines": []}, "FakeKVLock.__exit__": {"executed_lines": [], "summary": {"covered_lines": 0, "num_statements": 2, "percent_covered": 0.0, "percent_covered_display": "0", "missing_lines": 2, "excluded_lines": 0}, "missing_lines": [99, 100], "excluded_lines": []}, "main": {"executed_lines": [], "summary": {"covered_lines": 0, "num_statements": 29, "percent_covered": 0.0, "percent_covered_display": "0", "missing_lines": 29, "excluded_lines": 0}, "missing_lines": [105, 106, 108, 109, 110, 111, 112, 113, 114, 116, 118, 121, 122, 123, 126, 127, 128, 132, 135, 150, 151, 152, 154, 155, 158, 159, 161, 162, 164], "excluded_lines": []}, "": {"executed_lines": [], "summary": {"covered_lines": 0, "num_statements": 12, "percent_covered": 0.0, "percent_covered_display": "0", "missing_lines": 12, "excluded_lines": 0}, "missing_lines": [3, 6, 13, 28, 49, 70, 87, 92, 97, 103, 167, 168], "excluded_lines": []}}, "classes": {"FakeKVLock": {"executed_lines": [], "summary": {"covered_lines": 0, "num_statements": 29, "percent_covered": 0.0, "percent_covered_display": "0", "missing_lines": 29, "excluded_lines": 0}, "missing_lines": [21, 22, 23, 24, 25, 26, 40, 41, 42, 43, 44, 47, 61, 62, 63, 66, 67, 80, 81, 82, 83, 84, 85, 89, 90, 94, 95, 99, 100], "excluded_lines": []}, "": {"executed_lines": [], "summary": {"covered_lines": 0, "num_statements": 41, "percent_covered": 0.0, "percent_covered_display": "0", "missing_lines": 41, "excluded_lines": 0}, "missing_lines": [3, 6, 13, 28, 49, 70, 87, 92, 97, 103, 105, 106, 108, 109, 110, 111, 112, 113, 114, 116, 118, 121, 122, 123, 126, 127, 128, 132, 135, 150, 151, 152, 154, 155, 158, 159, 161, 162, 164, 167, 168], "excluded_lines": []}}}, "tools\\common\\__init__.py": {"executed_lines": [], "summary": {"covered_lines": 0, "num_statements": 0, "percent_covered": 100.0, "percent_covered_display": "100", "missing_lines": 0, "excluded_lines": 0}, "missing_lines": [], "excluded_lines": [], "functions": {"": {"executed_lines": [], "summary": {"covered_lines": 0, "num_statements": 0, "percent_covered": 100.0, "percent_covered_display": "100", "missing_lines": 0, "excluded_lines": 0}, "missing_lines": [], "excluded_lines": []}}, "classes": {"": {"executed_lines": [], "summary": {"covered_lines": 0, "num_statements": 0, "percent_covered": 100.0, "percent_covered_display": "100", "missing_lines": 0, "excluded_lines": 0}, "missing_lines": [], "excluded_lines": []}}}, "tools\\common\\jsonx.py": {"executed_lines": [], "summary": {"covered_lines": 0, "num_statements": 108, "percent_covered": 0.0, "percent_covered_display": "0", "missing_lines": 108, "excluded_lines": 0}, "missing_lines": [18, 19, 20, 21, 24, 58, 61, 64, 65, 66, 77, 80, 81, 83, 84, 85, 86, 89, 102, 104, 105, 107, 108, 111, 120, 123, 141, 144, 152, 155, 180, 182, 185, 194, 197, 199, 200, 201, 202, 204, 207, 210, 212, 214, 216, 217, 218, 219, 220, 222, 224, 225, 226, 227, 228, 229, 232, 251, 253, 255, 256, 259, 262, 264, 267, 283, 284, 286, 287, 289, 290, 291, 293, 300, 302, 305, 306, 308, 309, 312, 313, 315, 316, 318, 319, 321, 322, 325, 326, 328, 329, 330, 333, 334, 335, 338, 339, 340, 341, 342, 345, 346, 347, 348, 349, 350, 352, 355], "excluded_lines": [], "functions": {"write_json": {"executed_lines": [], "summary": {"covered_lines": 0, "num_statements": 12, "percent_covered": 0.0, "percent_covered_display": "0", "missing_lines": 12, "excluded_lines": 0}, "missing_lines": [58, 61, 64, 65, 66, 77, 80, 81, 83, 84, 85, 86], "excluded_lines": []}, "read_json": {"executed_lines": [], "summary": {"covered_lines": 0, "num_statements": 5, "percent_covered": 0.0, "percent_covered_display": "0", "missing_lines": 5, "excluded_lines": 0}, "missing_lines": [102, 104, 105, 107, 108], "excluded_lines": []}, "write_json_compact": {"executed_lines": [], "summary": {"covered_lines": 0, "num_statements": 1, "percent_covered": 0.0, "percent_covered_display": "0", "missing_lines": 1, "excluded_lines": 0}, "missing_lines": [120], "excluded_lines": []}, "compute_json_hash": {"executed_lines": [], "summary": {"covered_lines": 0, "num_statements": 3, "percent_covered": 0.0, "percent_covered_display": "0", "missing_lines": 3, "excluded_lines": 0}, "missing_lines": [141, 144, 152], "excluded_lines": []}, "atomic_write_json": {"executed_lines": [], "summary": {"covered_lines": 0, "num_statements": 26, "percent_covered": 0.0, "percent_covered_display": "0", "missing_lines": 26, "excluded_lines": 0}, "missing_lines": [180, 182, 185, 194, 197, 199, 200, 201, 202, 204, 207, 210, 212, 214, 216, 217, 218, 219, 220, 222, 224, 225, 226, 227, 228, 229], "excluded_lines": []}, "read_json_with_hash": {"executed_lines": [], "summary": {"covered_lines": 0, "num_statements": 7, "percent_covered": 0.0, "percent_covered_display": "0", "missing_lines": 7, "excluded_lines": 0}, "missing_lines": [251, 253, 255, 256, 259, 262, 264], "excluded_lines": []}, "diff_json": {"executed_lines": [], "summary": {"covered_lines": 0, "num_statements": 8, "percent_covered": 0.0, "percent_covered_display": "0", "missing_lines": 8, "excluded_lines": 0}, "missing_lines": [283, 284, 286, 287, 289, 290, 291, 293], "excluded_lines": []}, "": {"executed_lines": [], "summary": {"covered_lines": 0, "num_statements": 46, "percent_covered": 0.0, "percent_covered_display": "0", "missing_lines": 46, "excluded_lines": 0}, "missing_lines": [18, 19, 20, 21, 24, 89, 111, 123, 155, 232, 267, 300, 302, 305, 306, 308, 309, 312, 313, 315, 316, 318, 319, 321, 322, 325, 326, 328, 329, 330, 333, 334, 335, 338, 339, 340, 341, 342, 345, 346, 347, 348, 349, 350, 352, 355], "excluded_lines": []}}, "classes": {"": {"executed_lines": [], "summary": {"covered_lines": 0, "num_statements": 108, "percent_covered": 0.0, "percent_covered_display": "0", "missing_lines": 108, "excluded_lines": 0}, "missing_lines": [18, 19, 20, 21, 24, 58, 61, 64, 65, 66, 77, 80, 81, 83, 84, 85, 86, 89, 102, 104, 105, 107, 108, 111, 120, 123, 141, 144, 152, 155, 180, 182, 185, 194, 197, 199, 200, 201, 202, 204, 207, 210, 212, 214, 216, 217, 218, 219, 220, 222, 224, 225, 226, 227, 228, 229, 232, 251, 253, 255, 256, 259, 262, 264, 267, 283, 284, 286, 287, 289, 290, 291, 293, 300, 302, 305, 306, 308, 309, 312, 313, 315, 316, 318, 319, 321, 322, 325, 326, 328, 329, 330, 333, 334, 335, 338, 339, 340, 341, 342, 345, 346, 347, 348, 349, 350, 352, 355], "excluded_lines": []}}}, "tools\\common\\utf8io.py": {"executed_lines": [], "summary": {"covered_lines": 0, "num_statements": 49, "percent_covered": 0.0, "percent_covered_display": "0", "missing_lines": 49, "excluded_lines": 0}, "missing_lines": [17, 18, 19, 20, 23, 32, 42, 50, 52, 53, 54, 55, 56, 58, 61, 72, 78, 79, 80, 81, 82, 85, 101, 104, 105, 108, 111, 121, 123, 125, 126, 128, 131, 148, 150, 152, 153, 154, 155, 157, 158, 159, 160, 161, 162, 164, 167, 178, 179], "excluded_lines": [], "functions": {"ensure_utf8_stdio": {"executed_lines": [], "summary": {"covered_lines": 0, "num_statements": 7, "percent_covered": 0.0, "percent_covered_display": "0", "missing_lines": 7, "excluded_lines": 0}, "missing_lines": [50, 52, 53, 54, 55, 56, 58], "excluded_lines": []}, "_supports_unicode": {"executed_lines": [], "summary": {"covered_lines": 0, "num_statements": 6, "percent_covered": 0.0, "percent_covered_display": "0", "missing_lines": 6, "excluded_lines": 0}, "missing_lines": [72, 78, 79, 80, 81, 82], "excluded_lines": []}, "sym": {"executed_lines": [], "summary": {"covered_lines": 0, "num_statements": 4, "percent_covered": 0.0, "percent_covered_display": "0", "missing_lines": 4, "excluded_lines": 0}, "missing_lines": [101, 104, 105, 108], "excluded_lines": []}, "safe_str": {"executed_lines": [], "summary": {"covered_lines": 0, "num_statements": 5, "percent_covered": 0.0, "percent_covered_display": "0", "missing_lines": 5, "excluded_lines": 0}, "missing_lines": [121, 123, 125, 126, 128], "excluded_lines": []}, "puts": {"executed_lines": [], "summary": {"covered_lines": 0, "num_statements": 13, "percent_covered": 0.0, "percent_covered_display": "0", "missing_lines": 13, "excluded_lines": 0}, "missing_lines": [148, 150, 152, 153, 154, 155, 157, 158, 159, 160, 161, 162, 164], "excluded_lines": []}, "safe_print": {"executed_lines": [], "summary": {"covered_lines": 0, "num_statements": 2, "percent_covered": 0.0, "percent_covered_display": "0", "missing_lines": 2, "excluded_lines": 0}, "missing_lines": [178, 179], "excluded_lines": []}, "": {"executed_lines": [], "summary": {"covered_lines": 0, "num_statements": 12, "percent_covered": 0.0, "percent_covered_display": "0", "missing_lines": 12, "excluded_lines": 0}, "missing_lines": [17, 18, 19, 20, 23, 32, 42, 61, 85, 111, 131, 167], "excluded_lines": []}}, "classes": {"": {"executed_lines": [], "summary": {"covered_lines": 0, "num_statements": 49, "percent_covered": 0.0, "percent_covered_display": "0", "missing_lines": 49, "excluded_lines": 0}, "missing_lines": [17, 18, 19, 20, 23, 32, 42, 50, 52, 53, 54, 55, 56, 58, 61, 72, 78, 79, 80, 81, 82, 85, 101, 104, 105, 108, 111, 121, 123, 125, 126, 128, 131, 148, 150, 152, 153, 154, 155, 157, 158, 159, 160, 161, 162, 164, 167, 178, 179], "excluded_lines": []}}}, "tools\\cron\\__init__.py": {"executed_lines": [], "summary": {"covered_lines": 0, "num_statements": 0, "percent_covered": 100.0, "percent_covered_display": "100", "missing_lines": 0, "excluded_lines": 0}, "missing_lines": [], "excluded_lines": [], "functions": {"": {"executed_lines": [], "summary": {"covered_lines": 0, "num_statements": 0, "percent_covered": 100.0, "percent_covered_display": "100", "missing_lines": 0, "excluded_lines": 0}, "missing_lines": [], "excluded_lines": []}}, "classes": {"": {"executed_lines": [], "summary": {"covered_lines": 0, "num_statements": 0, "percent_covered": 100.0, "percent_covered_display": "100", "missing_lines": 0, "excluded_lines": 0}, "missing_lines": [], "excluded_lines": []}}}, "tools\\cron\\sentinel.py": {"executed_lines": [], "summary": {"covered_lines": 0, "num_statements": 84, "percent_covered": 0.0, "percent_covered_display": "0", "missing_lines": 84, "excluded_lines": 0}, "missing_lines": [11, 12, 13, 14, 15, 16, 17, 20, 22, 24, 25, 26, 27, 28, 29, 30, 31, 34, 37, 43, 45, 46, 52, 53, 54, 55, 56, 58, 59, 65, 70, 71, 78, 80, 82, 84, 100, 101, 102, 103, 106, 107, 118, 120, 121, 122, 124, 125, 126, 129, 130, 131, 132, 135, 136, 138, 139, 140, 141, 143, 144, 145, 147, 148, 150, 157, 159, 165, 166, 169, 170, 171, 172, 173, 174, 176, 177, 178, 179, 181, 182, 183, 186, 187], "excluded_lines": [], "functions": {"parse_max_age": {"executed_lines": [], "summary": {"covered_lines": 0, "num_statements": 10, "percent_covered": 0.0, "percent_covered_display": "0", "missing_lines": 10, "excluded_lines": 0}, "missing_lines": [22, 24, 25, 26, 27, 28, 29, 30, 31, 34], "excluded_lines": []}, "check_artifact_freshness": {"executed_lines": [], "summary": {"covered_lines": 0, "num_statements": 13, "percent_covered": 0.0, "percent_covered_display": "0", "missing_lines": 13, "excluded_lines": 0}, "missing_lines": [43, 45, 46, 52, 53, 54, 55, 56, 58, 59, 65, 70, 71], "excluded_lines": []}, "load_config": {"executed_lines": [], "summary": {"covered_lines": 0, "num_statements": 9, "percent_covered": 0.0, "percent_covered_display": "0", "missing_lines": 9, "excluded_lines": 0}, "missing_lines": [80, 82, 84, 100, 101, 102, 103, 106, 107], "excluded_lines": []}, "main": {"executed_lines": [], "summary": {"covered_lines": 0, "num_statements": 39, "percent_covered": 0.0, "percent_covered_display": "0", "missing_lines": 39, "excluded_lines": 0}, "missing_lines": [120, 121, 122, 124, 125, 126, 129, 130, 131, 132, 135, 136, 138, 139, 140, 141, 143, 144, 145, 147, 148, 150, 157, 159, 165, 166, 169, 170, 171, 172, 173, 174, 176, 177, 178, 179, 181, 182, 183], "excluded_lines": []}, "": {"executed_lines": [], "summary": {"covered_lines": 0, "num_statements": 13, "percent_covered": 0.0, "percent_covered_display": "0", "missing_lines": 13, "excluded_lines": 0}, "missing_lines": [11, 12, 13, 14, 15, 16, 17, 20, 37, 78, 118, 186, 187], "excluded_lines": []}}, "classes": {"": {"executed_lines": [], "summary": {"covered_lines": 0, "num_statements": 84, "percent_covered": 0.0, "percent_covered_display": "0", "missing_lines": 84, "excluded_lines": 0}, "missing_lines": [11, 12, 13, 14, 15, 16, 17, 20, 22, 24, 25, 26, 27, 28, 29, 30, 31, 34, 37, 43, 45, 46, 52, 53, 54, 55, 56, 58, 59, 65, 70, 71, 78, 80, 82, 84, 100, 101, 102, 103, 106, 107, 118, 120, 121, 122, 124, 125, 126, 129, 130, 131, 132, 135, 136, 138, 139, 140, 141, 143, 144, 145, 147, 148, 150, 157, 159, 165, 166, 169, 170, 171, 172, 173, 174, 176, 177, 178, 179, 181, 182, 183, 186, 187], "excluded_lines": []}}}, "tools\\debug\\__init__.py": {"executed_lines": [1, 3], "summary": {"covered_lines": 1, "num_statements": 1, "percent_covered": 100.0, "percent_covered_display": "100", "missing_lines": 0, "excluded_lines": 0}, "missing_lines": [], "excluded_lines": [], "functions": {"": {"executed_lines": [1, 3], "summary": {"covered_lines": 1, "num_statements": 1, "percent_covered": 100.0, "percent_covered_display": "100", "missing_lines": 0, "excluded_lines": 0}, "missing_lines": [], "excluded_lines": []}}, "classes": {"": {"executed_lines": [1, 3], "summary": {"covered_lines": 1, "num_statements": 1, "percent_covered": 100.0, "percent_covered_display": "100", "missing_lines": 0, "excluded_lines": 0}, "missing_lines": [], "excluded_lines": []}}}, "tools\\debug\\repro_minimizer.py": {"executed_lines": [2, 9, 10, 13, 21, 22, 23, 25, 26, 27, 28, 29, 32, 48, 49, 50, 51, 54, 55, 59, 60, 63, 64, 65, 68, 69, 70, 72, 73, 74, 75, 78, 79, 81, 83, 86], "summary": {"covered_lines": 35, "num_statements": 88, "percent_covered": 39.77272727272727, "percent_covered_display": "40", "missing_lines": 53, "excluded_lines": 0}, "missing_lines": [87, 88, 90, 91, 92, 93, 94, 95, 96, 97, 98, 100, 102, 103, 104, 105, 106, 107, 108, 109, 112, 113, 114, 116, 117, 118, 121, 124, 127, 128, 131, 132, 133, 134, 135, 136, 137, 138, 139, 140, 141, 142, 143, 146, 147, 148, 149, 150, 151, 152, 153, 154, 157], "excluded_lines": [], "functions": {"_write_jsonl_atomic": {"executed_lines": [21, 22, 23, 25, 26, 27, 28, 29], "summary": {"covered_lines": 8, "num_statements": 8, "percent_covered": 100.0, "percent_covered_display": "100", "missing_lines": 0, "excluded_lines": 0}, "missing_lines": [], "excluded_lines": []}, "minimize": {"executed_lines": [48, 49, 50, 51, 54, 55, 59, 60, 63, 64, 65, 68, 69, 70, 72, 73, 74, 75, 78, 79, 81, 83], "summary": {"covered_lines": 22, "num_statements": 22, "percent_covered": 100.0, "percent_covered_display": "100", "missing_lines": 0, "excluded_lines": 0}, "missing_lines": [], "excluded_lines": []}, "": {"executed_lines": [2, 9, 10, 13, 32, 86], "summary": {"covered_lines": 5, "num_statements": 58, "percent_covered": 8.620689655172415, "percent_covered_display": "9", "missing_lines": 53, "excluded_lines": 0}, "missing_lines": [87, 88, 90, 91, 92, 93, 94, 95, 96, 97, 98, 100, 102, 103, 104, 105, 106, 107, 108, 109, 112, 113, 114, 116, 117, 118, 121, 124, 127, 128, 131, 132, 133, 134, 135, 136, 137, 138, 139, 140, 141, 142, 143, 146, 147, 148, 149, 150, 151, 152, 153, 154, 157], "excluded_lines": []}}, "classes": {"": {"executed_lines": [2, 9, 10, 13, 21, 22, 23, 25, 26, 27, 28, 29, 32, 48, 49, 50, 51, 54, 55, 59, 60, 63, 64, 65, 68, 69, 70, 72, 73, 74, 75, 78, 79, 81, 83, 86], "summary": {"covered_lines": 35, "num_statements": 88, "percent_covered": 39.77272727272727, "percent_covered_display": "40", "missing_lines": 53, "excluded_lines": 0}, "missing_lines": [87, 88, 90, 91, 92, 93, 94, 95, 96, 97, 98, 100, 102, 103, 104, 105, 106, 107, 108, 109, 112, 113, 114, 116, 117, 118, 121, 124, 127, 128, 131, 132, 133, 134, 135, 136, 137, 138, 139, 140, 141, 142, 143, 146, 147, 148, 149, 150, 151, 152, 153, 154, 157], "excluded_lines": []}}}, "tools\\debug\\repro_runner.py": {"executed_lines": [], "summary": {"covered_lines": 0, "num_statements": 30, "percent_covered": 0.0, "percent_covered_display": "0", "missing_lines": 30, "excluded_lines": 0}, "missing_lines": [1, 2, 5, 6, 7, 8, 9, 10, 11, 12, 13, 14, 15, 16, 17, 18, 19, 20, 21, 22, 23, 24, 25, 26, 27, 28, 29, 30, 32, 33], "excluded_lines": [], "functions": {"run_case": {"executed_lines": [], "summary": {"covered_lines": 0, "num_statements": 27, "percent_covered": 0.0, "percent_covered_display": "0", "missing_lines": 27, "excluded_lines": 0}, "missing_lines": [6, 7, 8, 9, 10, 11, 12, 13, 14, 15, 16, 17, 18, 19, 20, 21, 22, 23, 24, 25, 26, 27, 28, 29, 30, 32, 33], "excluded_lines": []}, "": {"executed_lines": [], "summary": {"covered_lines": 0, "num_statements": 3, "percent_covered": 0.0, "percent_covered_display": "0", "missing_lines": 3, "excluded_lines": 0}, "missing_lines": [1, 2, 5], "excluded_lines": []}}, "classes": {"": {"executed_lines": [], "summary": {"covered_lines": 0, "num_statements": 30, "percent_covered": 0.0, "percent_covered_display": "0", "missing_lines": 30, "excluded_lines": 0}, "missing_lines": [1, 2, 5, 6, 7, 8, 9, 10, 11, 12, 13, 14, 15, 16, 17, 18, 19, 20, 21, 22, 23, 24, 25, 26, 27, 28, 29, 30, 32, 33], "excluded_lines": []}}}, "tools\\dryrun\\__init__.py": {"executed_lines": [], "summary": {"cover
[...]
uded_lines": []}, "": {"executed_lines": [], "summary": {"covered_lines": 0, "num_statements": 19, "percent_covered": 0.0, "percent_covered_display": "0", "missing_lines": 19, "excluded_lines": 0}, "missing_lines": [1, 2, 3, 4, 5, 6, 7, 10, 11, 12, 14, 17, 28, 42, 47, 60, 64, 210, 211], "excluded_lines": []}}, "classes": {"": {"executed_lines": [], "summary": {"covered_lines": 0, "num_statements": 156, "percent_covered": 0.0, "percent_covered_display": "0", "missing_lines": 156, "excluded_lines": 0}, "missing_lines": [1, 2, 3, 4, 5, 6, 7, 10, 11, 12, 14, 17, 18, 19, 20, 21, 22, 23, 24, 25, 28, 29, 30, 31, 32, 33, 34, 35, 36, 37, 39, 42, 43, 44, 47, 48, 49, 50, 51, 52, 53, 54, 55, 56, 57, 60, 61, 64, 65, 66, 67, 68, 69, 70, 73, 74, 75, 76, 77, 78, 79, 80, 81, 82, 83, 84, 85, 86, 87, 88, 89, 90, 93, 94, 95, 97, 98, 99, 100, 101, 102, 103, 106, 107, 108, 109, 110, 111, 112, 113, 114, 117, 118, 121, 122, 123, 124, 125, 126, 127, 128, 129, 131, 132, 133, 134, 135, 136, 137, 139, 140, 141, 142, 145, 146, 147, 148, 154, 155, 156, 157, 159, 161, 162, 163, 164, 165, 167, 178, 180, 181, 182, 183, 184, 185, 186, 187, 188, 189, 190, 191, 193, 194, 195, 196, 197, 198, 199, 200, 201, 202, 204, 206, 207, 210, 211], "excluded_lines": []}}}, "tools\\soak\\write_readiness.py": {"executed_lines": [], "summary": {"covered_lines": 0, "num_statements": 64, "percent_covered": 0.0, "percent_covered_display": "0", "missing_lines": 64, "excluded_lines": 0}, "missing_lines": [14, 15, 16, 17, 18, 19, 22, 23, 24, 26, 28, 30, 32, 34, 36, 39, 41, 42, 43, 44, 45, 47, 48, 49, 50, 51, 52, 53, 54, 56, 57, 58, 59, 63, 64, 65, 66, 67, 68, 70, 71, 72, 73, 76, 77, 78, 79, 81, 82, 83, 84, 87, 95, 96, 98, 106, 108, 109, 110, 111, 112, 114, 117, 118], "excluded_lines": [], "functions": {"main": {"executed_lines": [], "summary": {"covered_lines": 0, "num_statements": 55, "percent_covered": 0.0, "percent_covered_display": "0", "missing_lines": 55, "excluded_lines": 0}, "missing_lines": [23, 24, 26, 28, 30, 32, 34, 36, 39, 41, 42, 43, 44, 45, 47, 48, 49, 50, 51, 52, 53, 54, 56, 57, 58, 59, 63, 64, 65, 66, 67, 68, 70, 71, 72, 73, 76, 77, 78, 79, 81, 82, 83, 84, 87, 95, 96, 98, 106, 108, 109, 110, 111, 112, 114], "excluded_lines": []}, "": {"executed_lines": [], "summary": {"covered_lines": 0, "num_statements": 9, "percent_covered": 0.0, "percent_covered_display": "0", "missing_lines": 9, "excluded_lines": 0}, "missing_lines": [14, 15, 16, 17, 18, 19, 22, 117, 118], "excluded_lines": []}}, "classes": {"": {"executed_lines": [], "summary": {"covered_lines": 0, "num_statements": 64, "percent_covered": 0.0, "percent_covered_display": "0", "missing_lines": 64, "excluded_lines": 0}, "missing_lines": [14, 15, 16, 17, 18, 19, 22, 23, 24, 26, 28, 30, 32, 34, 36, 39, 41, 42, 43, 44, 45, 47, 48, 49, 50, 51, 52, 53, 54, 56, 57, 58, 59, 63, 64, 65, 66, 67, 68, 70, 71, 72, 73, 76, 77, 78, 79, 81, 82, 83, 84, 87, 95, 96, 98, 106, 108, 109, 110, 111, 112, 114, 117, 118], "excluded_lines": []}}}, "tools\\tuning\\__init__.py": {"executed_lines": [1, 3], "summary": {"covered_lines": 1, "num_statements": 1, "percent_covered": 100.0, "percent_covered_display": "100", "missing_lines": 0, "excluded_lines": 0}, "missing_lines": [], "excluded_lines": [], "functions": {"": {"executed_lines": [1, 3], "summary": {"covered_lines": 1, "num_statements": 1, "percent_covered": 100.0, "percent_covered_display": "100", "missing_lines": 0, "excluded_lines": 0}, "missing_lines": [], "excluded_lines": []}}, "classes": {"": {"executed_lines": [1, 3], "summary": {"covered_lines": 1, "num_statements": 1, "percent_covered": 100.0, "percent_covered_display": "100", "missing_lines": 0, "excluded_lines": 0}, "missing_lines": [], "excluded_lines": []}}}, "tools\\tuning\\apply_from_sweep.py": {"executed_lines": [], "summary": {"covered_lines": 0, "num_statements": 65, "percent_covered": 0.0, "percent_covered_display": "0", "missing_lines": 65, "excluded_lines": 0}, "missing_lines": [3, 4, 5, 6, 9, 19, 20, 31, 32, 35, 36, 37, 39, 51, 59, 60, 61, 63, 64, 65, 68, 69, 70, 71, 72, 73, 76, 77, 78, 79, 80, 82, 83, 84, 87, 90, 91, 94, 97, 111, 112, 113, 115, 116, 117, 118, 119, 120, 121, 124, 125, 126, 129, 130, 131, 133, 134, 135, 136, 137, 138, 139, 141, 144, 145], "excluded_lines": [], "functions": {"_simulate": {"executed_lines": [], "summary": {"covered_lines": 0, "num_statements": 8, "percent_covered": 0.0, "percent_covered_display": "0", "missing_lines": 8, "excluded_lines": 0}, "missing_lines": [19, 20, 31, 32, 35, 36, 37, 39], "excluded_lines": []}, "main": {"executed_lines": [], "summary": {"covered_lines": 0, "num_statements": 49, "percent_covered": 0.0, "percent_covered_display": "0", "missing_lines": 49, "excluded_lines": 0}, "missing_lines": [59, 60, 61, 63, 64, 65, 68, 69, 70, 71, 72, 73, 76, 77, 78, 79, 80, 82, 83, 84, 87, 90, 91, 94, 97, 111, 112, 113, 115, 116, 117, 118, 119, 120, 121, 124, 125, 126, 129, 130, 131, 133, 134, 135, 136, 137, 138, 139, 141], "excluded_lines": []}, "": {"executed_lines": [], "summary": {"covered_lines": 0, "num_statements": 8, "percent_covered": 0.0, "percent_covered_display": "0", "missing_lines": 8, "excluded_lines": 0}, "missing_lines": [3, 4, 5, 6, 9, 51, 144, 145], "excluded_lines": []}}, "classes": {"": {"executed_lines": [], "summary": {"covered_lines": 0, "num_statements": 65, "percent_covered": 0.0, "percent_covered_display": "0", "missing_lines": 65, "excluded_lines": 0}, "missing_lines": [3, 4, 5, 6, 9, 19, 20, 31, 32, 35, 36, 37, 39, 51, 59, 60, 61, 63, 64, 65, 68, 69, 70, 71, 72, 73, 76, 77, 78, 79, 80, 82, 83, 84, 87, 90, 91, 94, 97, 111, 112, 113, 115, 116, 117, 118, 119, 120, 121, 124, 125, 126, 129, 130, 131, 133, 134, 135, 136, 137, 138, 139, 141, 144, 145], "excluded_lines": []}}}, "tools\\tuning\\auto_rollback.py": {"executed_lines": [], "summary": {"covered_lines": 0, "num_statements": 63, "percent_covered": 0.0, "percent_covered_display": "0", "missing_lines": 63, "excluded_lines": 0}, "missing_lines": [1, 2, 3, 4, 5, 8, 9, 10, 11, 12, 13, 16, 17, 18, 19, 20, 21, 22, 23, 24, 26, 29, 30, 31, 34, 35, 36, 37, 38, 39, 40, 41, 42, 43, 44, 45, 46, 47, 48, 49, 50, 51, 52, 54, 55, 57, 58, 60, 61, 62, 63, 64, 65, 66, 67, 68, 69, 70, 71, 73, 75, 78, 79], "excluded_lines": [], "functions": {"_read_json": {"executed_lines": [], "summary": {"covered_lines": 0, "num_statements": 5, "percent_covered": 0.0, "percent_covered_display": "0", "missing_lines": 5, "excluded_lines": 0}, "missing_lines": [9, 10, 11, 12, 13], "excluded_lines": []}, "_write_json_atomic": {"executed_lines": [], "summary": {"covered_lines": 0, "num_statements": 9, "percent_covered": 0.0, "percent_covered_display": "0", "missing_lines": 9, "excluded_lines": 0}, "missing_lines": [17, 18, 19, 20, 21, 22, 23, 24, 26], "excluded_lines": []}, "_latest_soak": {"executed_lines": [], "summary": {"covered_lines": 0, "num_statements": 2, "percent_covered": 0.0, "percent_covered_display": "0", "missing_lines": 2, "excluded_lines": 0}, "missing_lines": [30, 31], "excluded_lines": []}, "main": {"executed_lines": [], "summary": {"covered_lines": 0, "num_statements": 36, "percent_covered": 0.0, "percent_covered_display": "0", "missing_lines": 36, "excluded_lines": 0}, "missing_lines": [35, 36, 37, 38, 39, 40, 41, 42, 43, 44, 45, 46, 47, 48, 49, 50, 51, 52, 54, 55, 57, 58, 60, 61, 62, 63, 64, 65, 66, 67, 68, 69, 70, 71, 73, 75], "excluded_lines": []}, "": {"executed_lines": [], "summary": {"covered_lines": 0, "num_statements": 11, "percent_covered": 0.0, "percent_covered_display": "0", "missing_lines": 11, "excluded_lines": 0}, "missing_lines": [1, 2, 3, 4, 5, 8, 16, 29, 34, 78, 79], "excluded_lines": []}}, "classes": {"": {"executed_lines": [], "summary": {"covered_lines": 0, "num_statements": 63, "percent_covered": 0.0, "percent_covered_display": "0", "missing_lines": 63, "excluded_lines": 0}, "missing_lines": [1, 2, 3, 4, 5, 8, 9, 10, 11, 12, 13, 16, 17, 18, 19, 20, 21, 22, 23, 24, 26, 29, 30, 31, 34, 35, 36, 37, 38, 39, 40, 41, 42, 43, 44, 45, 46, 47, 48, 49, 50, 51, 52, 54, 55, 57, 58, 60, 61, 62, 63, 64, 65, 66, 67, 68, 69, 70, 71, 73, 75, 78, 79], "excluded_lines": []}}}, "tools\\tuning\\baseline_lock.py": {"executed_lines": [], "summary": {"covered_lines": 0, "num_statements": 101, "percent_covered": 0.0, "percent_covered_display": "0", "missing_lines": 101, "excluded_lines": 0}, "missing_lines": [1, 2, 3, 4, 5, 6, 7, 10, 11, 12, 13, 14, 15, 18, 19, 22, 23, 26, 27, 28, 29, 30, 31, 32, 33, 34, 36, 39, 41, 42, 43, 44, 45, 46, 48, 49, 50, 51, 53, 55, 56, 57, 58, 61, 62, 63, 64, 65, 66, 69, 70, 71, 72, 73, 74, 75, 78, 79, 80, 83, 84, 85, 86, 87, 90, 91, 92, 93, 94, 95, 96, 100, 105, 106, 107, 108, 109, 110, 112, 114, 115, 116, 117, 118, 119, 120, 122, 136, 137, 138, 141, 142, 143, 144, 145, 147, 148, 149, 150, 153, 154], "excluded_lines": [], "functions": {"_read_ascii": {"executed_lines": [], "summary": {"covered_lines": 0, "num_statements": 5, "percent_covered": 0.0, "percent_covered_display": "0", "missing_lines": 5, "excluded_lines": 0}, "missing_lines": [11, 12, 13, 14, 15], "excluded_lines": []}, "_sha256_bytes": {"executed_lines": [], "summary": {"covered_lines": 0, "num_statements": 1, "percent_covered": 0.0, "percent_covered_display": "0", "missing_lines": 1, "excluded_lines": 0}, "missing_lines": [19], "excluded_lines": []}, "_sha256_text": {"executed_lines": [], "summary": {"covered_lines": 0, "num_statements": 1, "percent_covered": 0.0, "percent_covered_display": "0", "missing_lines": 1, "excluded_lines": 0}, "missing_lines": [23], "excluded_lines": []}, "_atomic_write_json": {"executed_lines": [], "summary": {"covered_lines": 0, "num_statements": 9, "percent_covered": 0.0, "percent_covered_display": "0", "missing_lines": 9, "excluded_lines": 0}, "missing_lines": [27, 28, 29, 30, 31, 32, 33, 34, 36], "excluded_lines": []}, "_cfg_describe_and_hash": {"executed_lines": [], "summary": {"covered_lines": 0, "num_statements": 15, "percent_covered": 0.0, "percent_covered_display": "0", "missing_lines": 15, "excluded_lines": 0}, "missing_lines": [41, 42, 43, 44, 45, 46, 48, 49, 50, 51, 53, 55, 56, 57, 58], "excluded_lines": []}, "_head": {"executed_lines": [], "summary": {"covered_lines": 0, "num_statements": 5, "percent_covered": 0.0, "percent_covered_display": "0", "missing_lines": 5, "excluded_lines": 0}, "missing_lines": [62, 63, 64, 65, 66], "excluded_lines": []}, "_list_tool_files": {"executed_lines": [], "summary": {"covered_lines": 0, "num_statements": 6, "percent_covered": 0.0, "percent_covered_display": "0", "missing_lines": 6, "excluded_lines": 0}, "missing_lines": [70, 71, 72, 73, 74, 75], "excluded_lines": []}, "_list_prom_rules": {"executed_lines": [], "summary": {"covered_lines": 0, "num_statements": 2, "percent_covered": 0.0, "percent_covered_display": "0", "missing_lines": 2, "excluded_lines": 0}, "missing_lines": [79, 80], "excluded_lines": []}, "_runtime_utc_iso": {"executed_lines": [], "summary": {"covered_lines": 0, "num_statements": 4, "percent_covered": 0.0, "percent_covered_display": "0", "missing_lines": 4, "excluded_lines": 0}, "missing_lines": [84, 85, 86, 87], "excluded_lines": []}, "build_lock": {"executed_lines": [], "summary": {"covered_lines": 0, "num_statements": 25, "percent_covered": 0.0, "percent_covered_display": "0", "missing_lines": 25, "excluded_lines": 0}, "missing_lines": [91, 92, 93, 94, 95, 96, 100, 105, 106, 107, 108, 109, 110, 112, 114, 115, 116, 117, 118, 119, 120, 122, 136, 137, 138], "excluded_lines": []}, "main": {"executed_lines": [], "summary": {"covered_lines": 0, "num_statements": 8, "percent_covered": 0.0, "percent_covered_display": "0", "missing_lines": 8, "excluded_lines": 0}, "missing_lines": [142, 143, 144, 145, 147, 148, 149, 150], "excluded_lines": []}, "": {"executed_lines": [], "summary": {"covered_lines": 0, "num_statements": 20, "percent_covered": 0.0, "percent_covered_display": "0", "missing_lines": 20, "excluded_lines": 0}, "missing_lines": [1, 2, 3, 4, 5, 6, 7, 10, 18, 22, 26, 39, 61, 69, 78, 83, 90, 141, 153, 154], "excluded_lines": []}}, "classes": {"": {"executed_lines": [], "summary": {"covered_lines": 0, "num_statements": 101, "percent_covered": 0.0, "percent_covered_display": "0", "missing_lines": 101, "excluded_lines": 0}, "missing_lines": [1, 2, 3, 4, 5, 6, 7, 10, 11, 12, 13, 14, 15, 18, 19, 22, 23, 26, 27, 28, 29, 30, 31, 32, 33, 34, 36, 39, 41, 42, 43, 44, 45, 46, 48, 49, 50, 51, 53, 55, 56, 57, 58, 61, 62, 63, 64, 65, 66, 69, 70, 71, 72, 73, 74, 75, 78, 79, 80, 83, 84, 85, 86, 87, 90, 91, 92, 93, 94, 95, 96, 100, 105, 106, 107, 108, 109, 110, 112, 114, 115, 116, 117, 118, 119, 120, 122, 136, 137, 138, 141, 142, 143, 144, 145, 147, 148, 149, 150, 153, 154], "excluded_lines": []}}}, "tools\\tuning\\param_sweep.py": {"executed_lines": [], "summary": {"covered_lines": 0, "num_statements": 125, "percent_covered": 0.0, "percent_covered_display": "0", "missing_lines": 125, "excluded_lines": 0}, "missing_lines": [17, 18, 19, 20, 21, 22, 25, 26, 27, 29, 32, 34, 35, 36, 37, 38, 39, 40, 41, 44, 59, 60, 63, 64, 66, 68, 69, 70, 72, 83, 84, 86, 96, 99, 101, 102, 103, 104, 105, 108, 110, 111, 112, 113, 114, 115, 116, 117, 118, 120, 123, 136, 137, 138, 139, 141, 142, 143, 146, 147, 148, 149, 151, 153, 154, 155, 158, 170, 171, 174, 175, 178, 179, 180, 181, 183, 185, 186, 187, 190, 198, 199, 200, 210, 211, 212, 213, 214, 215, 216, 217, 220, 221, 222, 223, 224, 225, 226, 227, 230, 231, 234, 235, 236, 237, 238, 239, 242, 243, 246, 247, 248, 249, 250, 253, 256, 257, 258, 261, 271, 272, 273, 275, 278, 279], "excluded_lines": [], "functions": {"_finite": {"executed_lines": [], "summary": {"covered_lines": 0, "num_statements": 8, "percent_covered": 0.0, "percent_covered_display": "0", "missing_lines": 8, "excluded_lines": 0}, "missing_lines": [34, 35, 36, 37, 38, 39, 40, 41], "excluded_lines": []}, "_generate_synthetic_events": {"executed_lines": [], "summary": {"covered_lines": 0, "num_statements": 13, "percent_covered": 0.0, "percent_covered_display": "0", "missing_lines": 13, "excluded_lines": 0}, "missing_lines": [59, 60, 63, 64, 66, 68, 69, 70, 72, 83, 84, 86, 96], "excluded_lines": []}, "_write_jsonl": {"executed_lines": [], "summary": {"covered_lines": 0, "num_statements": 5, "percent_covered": 0.0, "percent_covered_display": "0", "missing_lines": 5, "excluded_lines": 0}, "missing_lines": [101, 102, 103, 104, 105], "excluded_lines": []}, "_write_json_atomic": {"executed_lines": [], "summary": {"covered_lines": 0, "num_statements": 10, "percent_covered": 0.0, "percent_covered_display": "0", "missing_lines": 10, "excluded_lines": 0}, "missing_lines": [110, 111, 112, 113, 114, 115, 116, 117, 118, 120], "excluded_lines": []}, "_load_params_grid": {"executed_lines": [], "summary": {"covered_lines": 0, "num_statements": 15, "percent_covered": 0.0, "percent_covered_display": "0", "missing_lines": 15, "excluded_lines": 0}, "missing_lines": [136, 137, 138, 139, 141, 142, 143, 146, 147, 148, 149, 151, 153, 154, 155], "excluded_lines": []}, "_run_simulation": {"executed_lines": [], "summary": {"covered_lines": 0, "num_statements": 16, "percent_covered": 0.0, "percent_covered_display": "0", "missing_lines": 16, "excluded_lines": 0}, "missing_lines": [170, 171, 174, 175, 178, 179, 180, 181, 183, 185, 186, 187, 190, 198, 199, 200], "excluded_lines": []}, "main": {"executed_lines": [], "summary": {"covered_lines": 0, "num_statements": 39, "percent_covered": 0.0, "percent_covered_display": "0", "missing_lines": 39, "excluded_lines": 0}, "missing_lines": [211, 212, 213, 214, 215, 216, 217, 220, 221, 222, 223, 224, 225, 226, 227, 230, 231, 234, 235, 236, 237, 238, 239, 242, 243, 246, 247, 248, 249, 250, 253, 256, 257, 258, 261, 271, 272, 273, 275], "excluded_lines": []}, "": {"executed_lines": [], "summary": {"covered_lines": 0, "num_statements": 19, "percent_covered": 0.0, "percent_covered_display": "0", "missing_lines": 19, "excluded_lines": 0}, "missing_lines": [17, 18, 19, 20, 21, 22, 25, 26, 27, 29, 32, 44, 99, 108, 123, 158, 210, 278, 279], "excluded_lines": []}}, "classes": {"": {"executed_lines": [], "summary": {"covered_lines": 0, "num_statements": 125, "percent_covered": 0.0, "percent_covered_display": "0", "missing_lines": 125, "excluded_lines": 0}, "missing_lines": [17, 18, 19, 20, 21, 22, 25, 26, 27, 29, 32, 34, 35, 36, 37, 38, 39, 40, 41, 44, 59, 60, 63, 64, 66, 68, 69, 70, 72, 83, 84, 86, 96, 99, 101, 102, 103, 104, 105, 108, 110, 111, 112, 113, 114, 115, 116, 117, 118, 120, 123, 136, 137, 138, 139, 141, 142, 143, 146, 147, 148, 149, 151, 153, 154, 155, 158, 170, 171, 174, 175, 178, 179, 180, 181, 183, 185, 186, 187, 190, 198, 199, 200, 210, 211, 212, 213, 214, 215, 216, 217, 220, 221, 222, 223, 224, 225, 226, 227, 230, 231, 234, 235, 236, 237, 238, 239, 242, 243, 246, 247, 248, 249, 250, 253, 256, 257, 258, 261, 271, 272, 273, 275, 278, 279], "excluded_lines": []}}}, "tools\\tuning\\report_tuning.py": {"executed_lines": [2, 3, 4, 5, 6, 7, 8, 9, 12, 26, 27, 28, 30, 31, 32, 35, 43, 54, 55, 56, 58, 59, 62, 72, 73, 75, 76, 77, 78, 80, 81, 82, 83, 84, 85, 87, 88, 89, 90, 91, 92, 93, 94, 96, 97, 98, 99, 100, 102, 103, 104, 105, 106, 108, 109, 110, 112, 114, 117, 179], "summary": {"covered_lines": 59, "num_statements": 93, "percent_covered": 63.44086021505376, "percent_covered_display": "63", "missing_lines": 34, "excluded_lines": 0}, "missing_lines": [118, 119, 120, 121, 122, 123, 126, 127, 129, 131, 132, 135, 136, 139, 140, 154, 155, 156, 157, 158, 161, 162, 163, 164, 165, 168, 169, 170, 171, 172, 173, 174, 176, 180], "excluded_lines": [], "functions": {"_select_candidate": {"executed_lines": [26, 27, 28, 30, 31, 32, 35], "summary": {"covered_lines": 7, "num_statements": 7, "percent_covered": 100.0, "percent_covered_display": "100", "missing_lines": 0, "excluded_lines": 0}, "missing_lines": [], "excluded_lines": []}, "_extract_candidates": {"executed_lines": [54, 55, 56, 58, 59], "summary": {"covered_lines": 5, "num_statements": 5, "percent_covered": 100.0, "percent_covered_display": "100", "missing_lines": 0, "excluded_lines": 0}, "missing_lines": [], "excluded_lines": []}, "_render_md": {"executed_lines": [72, 73, 75, 76, 77, 78, 80, 81, 82, 83, 84, 85, 87, 88, 89, 90, 91, 92, 93, 94, 96, 97, 98, 99, 100, 102, 103, 104, 105, 106, 108, 109, 110, 112, 114], "summary": {"covered_lines": 35, "num_statements": 35, "percent_covered": 100.0, "percent_covered_display": "100", "missing_lines": 0, "excluded_lines": 0}, "missing_lines": [], "excluded_lines": []}, "main": {"executed_lines": [], "summary": {"covered_lines": 0, "num_statements": 33, "percent_covered": 0.0, "percent_covered_display": "0", "missing_lines": 33, "excluded_lines": 0}, "missing_lines": [118, 119, 120, 121, 122, 123, 126, 127, 129, 131, 132, 135, 136, 139, 140, 154, 155, 156, 157, 158, 161, 162, 163, 164, 165, 168, 169, 170, 171, 172, 173, 174, 176], "excluded_lines": []}, "": {"executed_lines": [2, 3, 4, 5, 6, 7, 8, 9, 12, 43, 62, 117, 179], "summary": {"covered_lines": 12, "num_statements": 13, "percent_covered": 92.3076923076923, "percent_covered_display": "92", "missing_lines": 1, "excluded_lines": 0}, "missing_lines": [180], "excluded_lines": []}}, "classes": {"": {"executed_lines": [2, 3, 4, 5, 6, 7, 8, 9, 12, 26, 27, 28, 30, 31, 32, 35, 43, 54, 55, 56, 58, 59, 62, 72, 73, 75, 76, 77, 78, 80, 81, 82, 83, 84, 85, 87, 88, 89, 90, 91, 92, 93, 94, 96, 97, 98, 99, 100, 102, 103, 104, 105, 106, 108, 109, 110, 112, 114, 117, 179], "summary": {"covered_lines": 59, "num_statements": 93, "percent_covered": 63.44086021505376, "percent_covered_display": "63", "missing_lines": 34, "excluded_lines": 0}, "missing_lines": [118, 119, 120, 121, 122, 123, 126, 127, 129, 131, 132, 135, 136, 139, 140, 154, 155, 156, 157, 158, 161, 162, 163, 164, 165, 168, 169, 170, 171, 172, 173, 174, 176, 180], "excluded_lines": []}}}}, "totals": {"covered_lines": 408, "num_statements": 17945, "percent_covered": 2.2736138200055724, "percent_covered_display": "2", "missing_lines": 17537, "excluded_lines": 3}}